{"/Users/lalkumar7/Documents/dev/bitbucket/client/src/App.tsx": {"path":"/Users/lalkumar7/Documents/dev/bitbucket/client/src/App.tsx","statementMap":{"0":{"start":{"line":16,"column":2},"end":{"line":72,"column":4}}},"fnMap":{"0":{"name":"App","decl":{"start":{"line":15,"column":9},"end":{"line":15,"column":12}},"loc":{"start":{"line":15,"column":15},"end":{"line":73,"column":1}},"line":15}},"branchMap":{},"s":{"0":0},"f":{"0":0},"b":{}}
,"/Users/lalkumar7/Documents/dev/bitbucket/client/src/LoginSignUpWrapper.tsx": {"path":"/Users/lalkumar7/Documents/dev/bitbucket/client/src/LoginSignUpWrapper.tsx","statementMap":{"0":{"start":{"line":5,"column":27},"end":{"line":12,"column":1}},"1":{"start":{"line":6,"column":35},"end":{"line":6,"column":65}},"2":{"start":{"line":7,"column":19},"end":{"line":7,"column":32}},"3":{"start":{"line":8,"column":2},"end":{"line":10,"column":3}},"4":{"start":{"line":9,"column":4},"end":{"line":9,"column":75}},"5":{"start":{"line":11,"column":2},"end":{"line":11,"column":18}}},"fnMap":{"0":{"name":"(anonymous_0)","decl":{"start":{"line":5,"column":27},"end":{"line":5,"column":28}},"loc":{"start":{"line":5,"column":64},"end":{"line":12,"column":1}},"line":5}},"branchMap":{"0":{"loc":{"start":{"line":8,"column":2},"end":{"line":10,"column":3}},"type":"if","locations":[{"start":{"line":8,"column":2},"end":{"line":10,"column":3}},{"start":{},"end":{}}],"line":8}},"s":{"0":0,"1":0,"2":0,"3":0,"4":0,"5":0},"f":{"0":0},"b":{"0":[0,0]}}
,"/Users/lalkumar7/Documents/dev/bitbucket/client/src/ProtectedRoute.tsx": {"path":"/Users/lalkumar7/Documents/dev/bitbucket/client/src/ProtectedRoute.tsx","statementMap":{"0":{"start":{"line":5,"column":23},"end":{"line":12,"column":1}},"1":{"start":{"line":6,"column":35},"end":{"line":6,"column":65}},"2":{"start":{"line":7,"column":19},"end":{"line":7,"column":32}},"3":{"start":{"line":8,"column":2},"end":{"line":10,"column":3}},"4":{"start":{"line":9,"column":4},"end":{"line":9,"column":71}},"5":{"start":{"line":11,"column":2},"end":{"line":11,"column":18}}},"fnMap":{"0":{"name":"(anonymous_0)","decl":{"start":{"line":5,"column":23},"end":{"line":5,"column":24}},"loc":{"start":{"line":5,"column":60},"end":{"line":12,"column":1}},"line":5}},"branchMap":{"0":{"loc":{"start":{"line":8,"column":2},"end":{"line":10,"column":3}},"type":"if","locations":[{"start":{"line":8,"column":2},"end":{"line":10,"column":3}},{"start":{},"end":{}}],"line":8}},"s":{"0":0,"1":0,"2":0,"3":0,"4":0,"5":0},"f":{"0":0},"b":{"0":[0,0]}}
,"/Users/lalkumar7/Documents/dev/bitbucket/client/src/constants.js": {"path":"/Users/lalkumar7/Documents/dev/bitbucket/client/src/constants.js","statementMap":{"0":{"start":{"line":1,"column":30},"end":{"line":6,"column":1}},"1":{"start":{"line":8,"column":26},"end":{"line":13,"column":1}}},"fnMap":{},"branchMap":{},"s":{"0":1,"1":1},"f":{},"b":{},"_coverageSchema":"1a1c01bbd47fc00a2c39e90264f33305004495a9","hash":"57cef0651fc6e70169b2d124964604e434382b37"}
,"/Users/lalkumar7/Documents/dev/bitbucket/client/src/index.tsx": {"path":"/Users/lalkumar7/Documents/dev/bitbucket/client/src/index.tsx","statementMap":{"0":{"start":{"line":10,"column":15},"end":{"line":13,"column":2}},"1":{"start":{"line":15,"column":13},"end":{"line":17,"column":1}},"2":{"start":{"line":18,"column":0},"end":{"line":26,"column":2}},"3":{"start":{"line":31,"column":0},"end":{"line":31,"column":18}}},"fnMap":{},"branchMap":{},"s":{"0":0,"1":0,"2":0,"3":0},"f":{},"b":{}}
,"/Users/lalkumar7/Documents/dev/bitbucket/client/src/react-app-env.d.ts": {"path":"/Users/lalkumar7/Documents/dev/bitbucket/client/src/react-app-env.d.ts","statementMap":{},"fnMap":{},"branchMap":{},"s":{},"f":{},"b":{}}
,"/Users/lalkumar7/Documents/dev/bitbucket/client/src/reportWebVitals.ts": {"path":"/Users/lalkumar7/Documents/dev/bitbucket/client/src/reportWebVitals.ts","statementMap":{"0":{"start":{"line":3,"column":24},"end":{"line":13,"column":1}},"1":{"start":{"line":4,"column":2},"end":{"line":12,"column":3}},"2":{"start":{"line":5,"column":4},"end":{"line":11,"column":7}},"3":{"start":{"line":6,"column":6},"end":{"line":6,"column":26}},"4":{"start":{"line":7,"column":6},"end":{"line":7,"column":26}},"5":{"start":{"line":8,"column":6},"end":{"line":8,"column":26}},"6":{"start":{"line":9,"column":6},"end":{"line":9,"column":26}},"7":{"start":{"line":10,"column":6},"end":{"line":10,"column":27}}},"fnMap":{"0":{"name":"(anonymous_0)","decl":{"start":{"line":3,"column":24},"end":{"line":3,"column":25}},"loc":{"start":{"line":3,"column":57},"end":{"line":13,"column":1}},"line":3},"1":{"name":"(anonymous_1)","decl":{"start":{"line":5,"column":30},"end":{"line":5,"column":31}},"loc":{"start":{"line":5,"column":79},"end":{"line":11,"column":5}},"line":5}},"branchMap":{"0":{"loc":{"start":{"line":4,"column":2},"end":{"line":12,"column":3}},"type":"if","locations":[{"start":{"line":4,"column":2},"end":{"line":12,"column":3}},{"start":{},"end":{}}],"line":4},"1":{"loc":{"start":{"line":4,"column":6},"end":{"line":4,"column":52}},"type":"binary-expr","locations":[{"start":{"line":4,"column":6},"end":{"line":4,"column":17}},{"start":{"line":4,"column":21},"end":{"line":4,"column":52}}],"line":4}},"s":{"0":0,"1":0,"2":0,"3":0,"4":0,"5":0,"6":0,"7":0},"f":{"0":0,"1":0},"b":{"0":[0,0],"1":[0,0]}}
,"/Users/lalkumar7/Documents/dev/bitbucket/client/src/components/Accounts/AccountList.tsx": {"path":"/Users/lalkumar7/Documents/dev/bitbucket/client/src/components/Accounts/AccountList.tsx","statementMap":{"0":{"start":{"line":13,"column":27},"end":{"line":81,"column":1}},"1":{"start":{"line":22,"column":2},"end":{"line":80,"column":4}},"2":{"start":{"line":28,"column":8},"end":{"line":77,"column":20}},"3":{"start":{"line":70,"column":18},"end":{"line":70,"column":39}}},"fnMap":{"0":{"name":"(anonymous_0)","decl":{"start":{"line":13,"column":27},"end":{"line":13,"column":28}},"loc":{"start":{"line":21,"column":6},"end":{"line":81,"column":1}},"line":21},"1":{"name":"(anonymous_1)","decl":{"start":{"line":27,"column":20},"end":{"line":27,"column":21}},"loc":{"start":{"line":28,"column":8},"end":{"line":77,"column":20}},"line":28},"2":{"name":"(anonymous_2)","decl":{"start":{"line":69,"column":25},"end":{"line":69,"column":26}},"loc":{"start":{"line":69,"column":31},"end":{"line":71,"column":17}},"line":69}},"branchMap":{"0":{"loc":{"start":{"line":46,"column":26},"end":{"line":46,"column":63}},"type":"cond-expr","locations":[{"start":{"line":46,"column":44},"end":{"line":46,"column":59}},{"start":{"line":46,"column":62},"end":{"line":46,"column":63}}],"line":46},"1":{"loc":{"start":{"line":49,"column":13},"end":{"line":62,"column":13}},"type":"binary-expr","locations":[{"start":{"line":49,"column":13},"end":{"line":49,"column":45}},{"start":{"line":50,"column":14},"end":{"line":61,"column":20}}],"line":49},"2":{"loc":{"start":{"line":63,"column":13},"end":{"line":75,"column":13}},"type":"binary-expr","locations":[{"start":{"line":63,"column":13},"end":{"line":63,"column":26}},{"start":{"line":64,"column":14},"end":{"line":74,"column":23}}],"line":63}},"s":{"0":5,"1":7,"2":7,"3":0},"f":{"0":7,"1":7,"2":0},"b":{"0":[6,1],"1":[7,4],"2":[7,4]},"_coverageSchema":"1a1c01bbd47fc00a2c39e90264f33305004495a9","hash":"db4d05e46511894736b69a2f67bb981389f303bc"}
,"/Users/lalkumar7/Documents/dev/bitbucket/client/src/components/Accounts/OpenAccount.tsx": {"path":"/Users/lalkumar7/Documents/dev/bitbucket/client/src/components/Accounts/OpenAccount.tsx","statementMap":{"0":{"start":{"line":14,"column":20},"end":{"line":75,"column":1}},"1":{"start":{"line":15,"column":34},"end":{"line":15,"column":76}},"2":{"start":{"line":16,"column":56},"end":{"line":16,"column":68}},"3":{"start":{"line":17,"column":35},"end":{"line":17,"column":70}},"4":{"start":{"line":18,"column":19},"end":{"line":18,"column":32}},"5":{"start":{"line":19,"column":28},"end":{"line":27,"column":3}},"6":{"start":{"line":20,"column":4},"end":{"line":20,"column":46}},"7":{"start":{"line":21,"column":4},"end":{"line":26,"column":6}},"8":{"start":{"line":23,"column":8},"end":{"line":23,"column":56}},"9":{"start":{"line":24,"column":8},"end":{"line":24,"column":20}},"10":{"start":{"line":29,"column":27},"end":{"line":31,"column":4}},"11":{"start":{"line":33,"column":31},"end":{"line":41,"column":3}},"12":{"start":{"line":34,"column":4},"end":{"line":39,"column":7}},"13":{"start":{"line":40,"column":4},"end":{"line":40,"column":26}},"14":{"start":{"line":43,"column":2},"end":{"line":74,"column":4}},"15":{"start":{"line":58,"column":10},"end":{"line":60,"column":17}}},"fnMap":{"0":{"name":"(anonymous_0)","decl":{"start":{"line":14,"column":20},"end":{"line":14,"column":21}},"loc":{"start":{"line":14,"column":26},"end":{"line":75,"column":1}},"line":14},"1":{"name":"(anonymous_1)","decl":{"start":{"line":19,"column":28},"end":{"line":19,"column":29}},"loc":{"start":{"line":19,"column":61},"end":{"line":27,"column":3}},"line":19},"2":{"name":"(anonymous_2)","decl":{"start":{"line":22,"column":19},"end":{"line":22,"column":20}},"loc":{"start":{"line":22,"column":29},"end":{"line":25,"column":7}},"line":22},"3":{"name":"(anonymous_3)","decl":{"start":{"line":33,"column":31},"end":{"line":33,"column":32}},"loc":{"start":{"line":33,"column":43},"end":{"line":41,"column":3}},"line":33},"4":{"name":"(anonymous_4)","decl":{"start":{"line":57,"column":22},"end":{"line":57,"column":23}},"loc":{"start":{"line":58,"column":10},"end":{"line":60,"column":17}},"line":58}},"branchMap":{},"s":{"0":4,"1":7,"2":7,"3":7,"4":7,"5":7,"6":1,"7":1,"8":2,"9":2,"10":7,"11":7,"12":1,"13":0,"14":7,"15":14},"f":{"0":7,"1":1,"2":2,"3":1,"4":14},"b":{},"_coverageSchema":"1a1c01bbd47fc00a2c39e90264f33305004495a9","hash":"5c969658abe5ae97154d7f2917b02c8ed4208594"}
,"/Users/lalkumar7/Documents/dev/bitbucket/client/src/components/Accounts/content.ts": {"path":"/Users/lalkumar7/Documents/dev/bitbucket/client/src/components/Accounts/content.ts","statementMap":{"0":{"start":{"line":3,"column":48},"end":{"line":16,"column":1}}},"fnMap":{},"branchMap":{},"s":{"0":4},"f":{},"b":{},"_coverageSchema":"1a1c01bbd47fc00a2c39e90264f33305004495a9","hash":"bd71b87ade89026ad20c18a4f93cd0108caee359"}
,"/Users/lalkumar7/Documents/dev/bitbucket/client/src/components/Accounts/index.tsx": {"path":"/Users/lalkumar7/Documents/dev/bitbucket/client/src/components/Accounts/index.tsx","statementMap":{"0":{"start":{"line":11,"column":35},"end":{"line":11,"column":70}},"1":{"start":{"line":13,"column":35},"end":{"line":15,"column":4}},"2":{"start":{"line":16,"column":25},"end":{"line":16,"column":42}},"3":{"start":{"line":17,"column":24},"end":{"line":17,"column":50}},"4":{"start":{"line":19,"column":2},"end":{"line":19,"column":40}},"5":{"start":{"line":19,"column":15},"end":{"line":19,"column":40}},"6":{"start":{"line":20,"column":2},"end":{"line":20,"column":51}},"7":{"start":{"line":20,"column":13},"end":{"line":20,"column":51}},"8":{"start":{"line":22,"column":2},"end":{"line":30,"column":4}}},"fnMap":{"0":{"name":"Accounts","decl":{"start":{"line":10,"column":9},"end":{"line":10,"column":17}},"loc":{"start":{"line":10,"column":20},"end":{"line":31,"column":1}},"line":10}},"branchMap":{"0":{"loc":{"start":{"line":17,"column":24},"end":{"line":17,"column":50}},"type":"binary-expr","locations":[{"start":{"line":17,"column":24},"end":{"line":17,"column":45}},{"start":{"line":17,"column":49},"end":{"line":17,"column":50}}],"line":17},"1":{"loc":{"start":{"line":19,"column":2},"end":{"line":19,"column":40}},"type":"if","locations":[{"start":{"line":19,"column":2},"end":{"line":19,"column":40}},{"start":{},"end":{}}],"line":19},"2":{"loc":{"start":{"line":20,"column":2},"end":{"line":20,"column":51}},"type":"if","locations":[{"start":{"line":20,"column":2},"end":{"line":20,"column":51}},{"start":{},"end":{}}],"line":20}},"s":{"0":5,"1":5,"2":5,"3":5,"4":5,"5":3,"6":2,"7":1,"8":1},"f":{"0":5},"b":{"0":[5,5],"1":[3,2],"2":[1,1]},"_coverageSchema":"1a1c01bbd47fc00a2c39e90264f33305004495a9","hash":"c683ce671b1c0749ab0152afdfddab29bb684023"}
,"/Users/lalkumar7/Documents/dev/bitbucket/client/src/components/Cards/ApplyCard.tsx": {"path":"/Users/lalkumar7/Documents/dev/bitbucket/client/src/components/Cards/ApplyCard.tsx","statementMap":{"0":{"start":{"line":15,"column":18},"end":{"line":126,"column":1}},"1":{"start":{"line":20,"column":6},"end":{"line":20,"column":15}},"2":{"start":{"line":21,"column":28},"end":{"line":21,"column":67}},"3":{"start":{"line":22,"column":28},"end":{"line":22,"column":45}},"4":{"start":{"line":23,"column":50},"end":{"line":23,"column":62}},"5":{"start":{"line":24,"column":35},"end":{"line":24,"column":70}},"6":{"start":{"line":25,"column":19},"end":{"line":25,"column":32}},"7":{"start":{"line":27,"column":2},"end":{"line":35,"column":9}},"8":{"start":{"line":29,"column":4},"end":{"line":34,"column":6}},"9":{"start":{"line":31,"column":8},"end":{"line":31,"column":30}},"10":{"start":{"line":32,"column":8},"end":{"line":32,"column":20}},"11":{"start":{"line":37,"column":28},"end":{"line":45,"column":3}},"12":{"start":{"line":38,"column":4},"end":{"line":38,"column":43}},"13":{"start":{"line":39,"column":4},"end":{"line":44,"column":6}},"14":{"start":{"line":41,"column":8},"end":{"line":41,"column":56}},"15":{"start":{"line":42,"column":8},"end":{"line":42,"column":20}},"16":{"start":{"line":47,"column":27},"end":{"line":49,"column":4}},"17":{"start":{"line":51,"column":19},"end":{"line":66,"column":3}},"18":{"start":{"line":52,"column":4},"end":{"line":65,"column":5}},"19":{"start":{"line":53,"column":6},"end":{"line":59,"column":9}},"20":{"start":{"line":60,"column":6},"end":{"line":60,"column":25}},"21":{"start":{"line":62,"column":6},"end":{"line":64,"column":9}},"22":{"start":{"line":63,"column":8},"end":{"line":63,"column":23}},"23":{"start":{"line":68,"column":2},"end":{"line":125,"column":4}},"24":{"start":{"line":89,"column":10},"end":{"line":91,"column":17}}},"fnMap":{"0":{"name":"(anonymous_0)","decl":{"start":{"line":15,"column":18},"end":{"line":15,"column":19}},"loc":{"start":{"line":15,"column":24},"end":{"line":126,"column":1}},"line":15},"1":{"name":"(anonymous_1)","decl":{"start":{"line":27,"column":12},"end":{"line":27,"column":13}},"loc":{"start":{"line":27,"column":18},"end":{"line":35,"column":3}},"line":27},"2":{"name":"(anonymous_2)","decl":{"start":{"line":30,"column":16},"end":{"line":30,"column":17}},"loc":{"start":{"line":30,"column":26},"end":{"line":33,"column":7}},"line":30},"3":{"name":"(anonymous_3)","decl":{"start":{"line":37,"column":28},"end":{"line":37,"column":29}},"loc":{"start":{"line":37,"column":61},"end":{"line":45,"column":3}},"line":37},"4":{"name":"(anonymous_4)","decl":{"start":{"line":40,"column":16},"end":{"line":40,"column":17}},"loc":{"start":{"line":40,"column":26},"end":{"line":43,"column":7}},"line":40},"5":{"name":"(anonymous_5)","decl":{"start":{"line":51,"column":19},"end":{"line":51,"column":20}},"loc":{"start":{"line":51,"column":40},"end":{"line":66,"column":3}},"line":51},"6":{"name":"(anonymous_6)","decl":{"start":{"line":62,"column":34},"end":{"line":62,"column":35}},"loc":{"start":{"line":62,"column":49},"end":{"line":64,"column":7}},"line":62},"7":{"name":"(anonymous_7)","decl":{"start":{"line":88,"column":19},"end":{"line":88,"column":20}},"loc":{"start":{"line":89,"column":10},"end":{"line":91,"column":17}},"line":89}},"branchMap":{"0":{"loc":{"start":{"line":81,"column":7},"end":{"line":85,"column":7}},"type":"binary-expr","locations":[{"start":{"line":81,"column":7},"end":{"line":81,"column":12}},{"start":{"line":82,"column":8},"end":{"line":84,"column":16}}],"line":81},"1":{"loc":{"start":{"line":105,"column":24},"end":{"line":105,"column":64}},"type":"binary-expr","locations":[{"start":{"line":105,"column":24},"end":{"line":105,"column":37}},{"start":{"line":105,"column":41},"end":{"line":105,"column":64}}],"line":105}},"s":{"0":4,"1":15,"2":14,"3":14,"4":14,"5":14,"6":14,"7":14,"8":6,"9":12,"10":12,"11":14,"12":2,"13":2,"14":4,"15":4,"16":14,"17":14,"18":2,"19":2,"20":0,"21":0,"22":0,"23":14,"24":28},"f":{"0":15,"1":6,"2":12,"3":2,"4":4,"5":2,"6":0,"7":28},"b":{"0":[14,0],"1":[14,0]},"_coverageSchema":"1a1c01bbd47fc00a2c39e90264f33305004495a9","hash":"0bc97d271075989759b0ead1720f0bb2dc37543f"}
,"/Users/lalkumar7/Documents/dev/bitbucket/client/src/components/Cards/CardList.tsx": {"path":"/Users/lalkumar7/Documents/dev/bitbucket/client/src/components/Cards/CardList.tsx","statementMap":{"0":{"start":{"line":13,"column":24},"end":{"line":95,"column":1}},"1":{"start":{"line":14,"column":2},"end":{"line":94,"column":4}},"2":{"start":{"line":20,"column":8},"end":{"line":91,"column":20}}},"fnMap":{"0":{"name":"(anonymous_0)","decl":{"start":{"line":13,"column":24},"end":{"line":13,"column":25}},"loc":{"start":{"line":13,"column":58},"end":{"line":95,"column":1}},"line":13},"1":{"name":"(anonymous_1)","decl":{"start":{"line":19,"column":17},"end":{"line":19,"column":18}},"loc":{"start":{"line":20,"column":8},"end":{"line":91,"column":20}},"line":20}},"branchMap":{"0":{"loc":{"start":{"line":43,"column":21},"end":{"line":43,"column":68}},"type":"cond-expr","locations":[{"start":{"line":43,"column":41},"end":{"line":43,"column":58}},{"start":{"line":43,"column":61},"end":{"line":43,"column":68}}],"line":43},"1":{"loc":{"start":{"line":56,"column":21},"end":{"line":56,"column":64}},"type":"cond-expr","locations":[{"start":{"line":56,"column":42},"end":{"line":56,"column":60}},{"start":{"line":56,"column":63},"end":{"line":56,"column":64}}],"line":56},"2":{"loc":{"start":{"line":60,"column":15},"end":{"line":74,"column":15}},"type":"binary-expr","locations":[{"start":{"line":60,"column":15},"end":{"line":60,"column":49}},{"start":{"line":61,"column":16},"end":{"line":73,"column":29}}],"line":60},"3":{"loc":{"start":{"line":71,"column":21},"end":{"line":71,"column":60}},"type":"cond-expr","locations":[{"start":{"line":71,"column":40},"end":{"line":71,"column":56}},{"start":{"line":71,"column":59},"end":{"line":71,"column":60}}],"line":71},"4":{"loc":{"start":{"line":76,"column":13},"end":{"line":89,"column":13}},"type":"binary-expr","locations":[{"start":{"line":76,"column":13},"end":{"line":76,"column":42}},{"start":{"line":77,"column":14},"end":{"line":88,"column":20}}],"line":76}},"s":{"0":5,"1":6,"2":6},"f":{"0":6,"1":6},"b":{"0":[0,6],"1":[6,0],"2":[6,0],"3":[0,0],"4":[6,0]},"_coverageSchema":"1a1c01bbd47fc00a2c39e90264f33305004495a9","hash":"66c2ded6cb32b3b3f1f1566ae1b6721bf12e419b"}
,"/Users/lalkumar7/Documents/dev/bitbucket/client/src/components/Cards/content.ts": {"path":"/Users/lalkumar7/Documents/dev/bitbucket/client/src/components/Cards/content.ts","statementMap":{"0":{"start":{"line":3,"column":45},"end":{"line":16,"column":1}}},"fnMap":{},"branchMap":{},"s":{"0":4},"f":{},"b":{},"_coverageSchema":"1a1c01bbd47fc00a2c39e90264f33305004495a9","hash":"5df7d9dd4064afb014cc8c1b88bc15f46b310667"}
,"/Users/lalkumar7/Documents/dev/bitbucket/client/src/components/Cards/index.tsx": {"path":"/Users/lalkumar7/Documents/dev/bitbucket/client/src/components/Cards/index.tsx","statementMap":{"0":{"start":{"line":10,"column":35},"end":{"line":10,"column":70}},"1":{"start":{"line":12,"column":35},"end":{"line":14,"column":4}},"2":{"start":{"line":15,"column":2},"end":{"line":15,"column":40}},"3":{"start":{"line":15,"column":15},"end":{"line":15,"column":40}},"4":{"start":{"line":16,"column":2},"end":{"line":16,"column":51}},"5":{"start":{"line":16,"column":13},"end":{"line":16,"column":51}},"6":{"start":{"line":18,"column":2},"end":{"line":23,"column":4}}},"fnMap":{"0":{"name":"Cards","decl":{"start":{"line":9,"column":9},"end":{"line":9,"column":14}},"loc":{"start":{"line":9,"column":17},"end":{"line":24,"column":1}},"line":9}},"branchMap":{"0":{"loc":{"start":{"line":15,"column":2},"end":{"line":15,"column":40}},"type":"if","locations":[{"start":{"line":15,"column":2},"end":{"line":15,"column":40}},{"start":{},"end":{}}],"line":15},"1":{"loc":{"start":{"line":16,"column":2},"end":{"line":16,"column":51}},"type":"if","locations":[{"start":{"line":16,"column":2},"end":{"line":16,"column":51}},{"start":{},"end":{}}],"line":16}},"s":{"0":5,"1":5,"2":5,"3":3,"4":2,"5":1,"6":1},"f":{"0":5},"b":{"0":[3,2],"1":[1,1]},"_coverageSchema":"1a1c01bbd47fc00a2c39e90264f33305004495a9","hash":"c4d004e4d9412f2cae1d47857c084ecf2a700595"}
,"/Users/lalkumar7/Documents/dev/bitbucket/client/src/components/Dashboard/AccountWidget.tsx": {"path":"/Users/lalkumar7/Documents/dev/bitbucket/client/src/components/Dashboard/AccountWidget.tsx","statementMap":{"0":{"start":{"line":16,"column":26},"end":{"line":16,"column":41}},"1":{"start":{"line":17,"column":19},"end":{"line":17,"column":32}},"2":{"start":{"line":19,"column":24},"end":{"line":21,"column":3}},"3":{"start":{"line":20,"column":4},"end":{"line":20,"column":18}},"4":{"start":{"line":22,"column":24},"end":{"line":24,"column":3}},"5":{"start":{"line":23,"column":4},"end":{"line":23,"column":37}},"6":{"start":{"line":25,"column":2},"end":{"line":57,"column":4}},"7":{"start":{"line":51,"column":10},"end":{"line":51,"column":25}}},"fnMap":{"0":{"name":"AccountWidget","decl":{"start":{"line":15,"column":9},"end":{"line":15,"column":22}},"loc":{"start":{"line":15,"column":44},"end":{"line":58,"column":1}},"line":15},"1":{"name":"(anonymous_1)","decl":{"start":{"line":19,"column":24},"end":{"line":19,"column":25}},"loc":{"start":{"line":19,"column":30},"end":{"line":21,"column":3}},"line":19},"2":{"name":"(anonymous_2)","decl":{"start":{"line":22,"column":24},"end":{"line":22,"column":25}},"loc":{"start":{"line":22,"column":43},"end":{"line":24,"column":3}},"line":22},"3":{"name":"(anonymous_3)","decl":{"start":{"line":50,"column":21},"end":{"line":50,"column":22}},"loc":{"start":{"line":50,"column":27},"end":{"line":52,"column":9}},"line":50}},"branchMap":{"0":{"loc":{"start":{"line":27,"column":7},"end":{"line":47,"column":7}},"type":"cond-expr","locations":[{"start":{"line":28,"column":8},"end":{"line":44,"column":19}},{"start":{"line":46,"column":8},"end":{"line":46,"column":79}}],"line":27}},"s":{"0":7,"1":7,"2":7,"3":2,"4":7,"5":0,"6":7,"7":0},"f":{"0":7,"1":2,"2":0,"3":0},"b":{"0":[4,3]},"_coverageSchema":"1a1c01bbd47fc00a2c39e90264f33305004495a9","hash":"31651786331fa79cf44580cd4ac374f9f09c5f86"}
,"/Users/lalkumar7/Documents/dev/bitbucket/client/src/components/Dashboard/CardWidget.tsx": {"path":"/Users/lalkumar7/Documents/dev/bitbucket/client/src/components/Dashboard/CardWidget.tsx","statementMap":{"0":{"start":{"line":17,"column":26},"end":{"line":17,"column":41}},"1":{"start":{"line":19,"column":24},"end":{"line":21,"column":3}},"2":{"start":{"line":20,"column":4},"end":{"line":20,"column":18}},"3":{"start":{"line":22,"column":2},"end":{"line":53,"column":4}},"4":{"start":{"line":47,"column":10},"end":{"line":47,"column":25}}},"fnMap":{"0":{"name":"CardWidget","decl":{"start":{"line":16,"column":9},"end":{"line":16,"column":19}},"loc":{"start":{"line":16,"column":38},"end":{"line":54,"column":1}},"line":16},"1":{"name":"(anonymous_1)","decl":{"start":{"line":19,"column":24},"end":{"line":19,"column":25}},"loc":{"start":{"line":19,"column":30},"end":{"line":21,"column":3}},"line":19},"2":{"name":"(anonymous_2)","decl":{"start":{"line":46,"column":21},"end":{"line":46,"column":22}},"loc":{"start":{"line":46,"column":27},"end":{"line":48,"column":9}},"line":46}},"branchMap":{"0":{"loc":{"start":{"line":24,"column":7},"end":{"line":43,"column":7}},"type":"cond-expr","locations":[{"start":{"line":25,"column":8},"end":{"line":40,"column":19}},{"start":{"line":42,"column":8},"end":{"line":42,"column":79}}],"line":24}},"s":{"0":7,"1":7,"2":2,"3":7,"4":0},"f":{"0":7,"1":2,"2":0},"b":{"0":[4,3]},"_coverageSchema":"1a1c01bbd47fc00a2c39e90264f33305004495a9","hash":"de08de085b84b7823b070aab5530f62603f7a8a8"}
,"/Users/lalkumar7/Documents/dev/bitbucket/client/src/components/Dashboard/Modal.tsx": {"path":"/Users/lalkumar7/Documents/dev/bitbucket/client/src/components/Dashboard/Modal.tsx","statementMap":{"0":{"start":{"line":7,"column":14},"end":{"line":17,"column":1}},"1":{"start":{"line":28,"column":2},"end":{"line":46,"column":4}}},"fnMap":{"0":{"name":"TransitionsModal","decl":{"start":{"line":19,"column":24},"end":{"line":19,"column":40}},"loc":{"start":{"line":27,"column":3},"end":{"line":47,"column":1}},"line":27}},"branchMap":{},"s":{"0":6,"1":20},"f":{"0":20},"b":{},"_coverageSchema":"1a1c01bbd47fc00a2c39e90264f33305004495a9","hash":"1a62ab3655552b50263aac388eb484f4609a9390"}
,"/Users/lalkumar7/Documents/dev/bitbucket/client/src/components/Dashboard/OutlinedCard.tsx": {"path":"/Users/lalkumar7/Documents/dev/bitbucket/client/src/components/Dashboard/OutlinedCard.tsx","statementMap":{"0":{"start":{"line":23,"column":13},"end":{"line":51,"column":1}},"1":{"start":{"line":24,"column":2},"end":{"line":50,"column":13}},"2":{"start":{"line":36,"column":8},"end":{"line":38,"column":14}},"3":{"start":{"line":54,"column":2},"end":{"line":58,"column":4}}},"fnMap":{"0":{"name":"(anonymous_0)","decl":{"start":{"line":23,"column":13},"end":{"line":23,"column":14}},"loc":{"start":{"line":24,"column":2},"end":{"line":50,"column":13}},"line":24},"1":{"name":"(anonymous_1)","decl":{"start":{"line":35,"column":25},"end":{"line":35,"column":26}},"loc":{"start":{"line":36,"column":8},"end":{"line":38,"column":14}},"line":36},"2":{"name":"OutlinedCard","decl":{"start":{"line":53,"column":24},"end":{"line":53,"column":36}},"loc":{"start":{"line":53,"column":67},"end":{"line":59,"column":1}},"line":53}},"branchMap":{},"s":{"0":4,"1":6,"2":12,"3":6},"f":{"0":6,"1":12,"2":6},"b":{},"_coverageSchema":"1a1c01bbd47fc00a2c39e90264f33305004495a9","hash":"0954385e9f334b48bfd1a42be0f4ec20465fe353"}
,"/Users/lalkumar7/Documents/dev/bitbucket/client/src/components/Dashboard/OutstandingCardBill.tsx": {"path":"/Users/lalkumar7/Documents/dev/bitbucket/client/src/components/Dashboard/OutstandingCardBill.tsx","statementMap":{"0":{"start":{"line":10,"column":2},"end":{"line":40,"column":4}}},"fnMap":{"0":{"name":"OutstandingCardBill","decl":{"start":{"line":9,"column":24},"end":{"line":9,"column":43}},"loc":{"start":{"line":9,"column":46},"end":{"line":41,"column":1}},"line":9}},"branchMap":{},"s":{"0":4},"f":{"0":4},"b":{},"_coverageSchema":"1a1c01bbd47fc00a2c39e90264f33305004495a9","hash":"c4121caaf0091c6bbe6b29087cbfa71a329d3dec"}
,"/Users/lalkumar7/Documents/dev/bitbucket/client/src/components/Dashboard/WidgetContainer.tsx": {"path":"/Users/lalkumar7/Documents/dev/bitbucket/client/src/components/Dashboard/WidgetContainer.tsx","statementMap":{"0":{"start":{"line":10,"column":35},"end":{"line":10,"column":70}},"1":{"start":{"line":12,"column":35},"end":{"line":14,"column":4}},"2":{"start":{"line":15,"column":2},"end":{"line":15,"column":40}},"3":{"start":{"line":15,"column":15},"end":{"line":15,"column":40}},"4":{"start":{"line":16,"column":2},"end":{"line":16,"column":51}},"5":{"start":{"line":16,"column":13},"end":{"line":16,"column":51}},"6":{"start":{"line":17,"column":2},"end":{"line":28,"column":4}}},"fnMap":{"0":{"name":"WidgetContainer","decl":{"start":{"line":9,"column":9},"end":{"line":9,"column":24}},"loc":{"start":{"line":9,"column":27},"end":{"line":29,"column":1}},"line":9}},"branchMap":{"0":{"loc":{"start":{"line":15,"column":2},"end":{"line":15,"column":40}},"type":"if","locations":[{"start":{"line":15,"column":2},"end":{"line":15,"column":40}},{"start":{},"end":{}}],"line":15},"1":{"loc":{"start":{"line":16,"column":2},"end":{"line":16,"column":51}},"type":"if","locations":[{"start":{"line":16,"column":2},"end":{"line":16,"column":51}},{"start":{},"end":{}}],"line":16}},"s":{"0":7,"1":7,"2":7,"3":5,"4":2,"5":1,"6":1},"f":{"0":7},"b":{"0":[5,2],"1":[1,1]},"_coverageSchema":"1a1c01bbd47fc00a2c39e90264f33305004495a9","hash":"783ac873cbea412b17b02d76692723bf807b776e"}
,"/Users/lalkumar7/Documents/dev/bitbucket/client/src/components/Dashboard/content.ts": {"path":"/Users/lalkumar7/Documents/dev/bitbucket/client/src/components/Dashboard/content.ts","statementMap":{"0":{"start":{"line":1,"column":27},"end":{"line":29,"column":1}},"1":{"start":{"line":30,"column":27},"end":{"line":57,"column":1}}},"fnMap":{},"branchMap":{},"s":{"0":4,"1":4},"f":{},"b":{},"_coverageSchema":"1a1c01bbd47fc00a2c39e90264f33305004495a9","hash":"daf2162c84fcba59b0670863732874e8b35b7aa2"}
,"/Users/lalkumar7/Documents/dev/bitbucket/client/src/components/Dashboard/index.tsx": {"path":"/Users/lalkumar7/Documents/dev/bitbucket/client/src/components/Dashboard/index.tsx","statementMap":{"0":{"start":{"line":12,"column":35},"end":{"line":12,"column":70}},"1":{"start":{"line":13,"column":42},"end":{"line":13,"column":56}},"2":{"start":{"line":14,"column":28},"end":{"line":16,"column":4}},"3":{"start":{"line":17,"column":2},"end":{"line":17,"column":40}},"4":{"start":{"line":17,"column":15},"end":{"line":17,"column":40}},"5":{"start":{"line":18,"column":2},"end":{"line":31,"column":4}},"6":{"start":{"line":24,"column":12},"end":{"line":24,"column":35}}},"fnMap":{"0":{"name":"Home","decl":{"start":{"line":11,"column":9},"end":{"line":11,"column":13}},"loc":{"start":{"line":11,"column":16},"end":{"line":32,"column":1}},"line":11},"1":{"name":"(anonymous_1)","decl":{"start":{"line":23,"column":19},"end":{"line":23,"column":20}},"loc":{"start":{"line":23,"column":25},"end":{"line":25,"column":11}},"line":23}},"branchMap":{"0":{"loc":{"start":{"line":17,"column":2},"end":{"line":17,"column":40}},"type":"if","locations":[{"start":{"line":17,"column":2},"end":{"line":17,"column":40}},{"start":{},"end":{}}],"line":17},"1":{"loc":{"start":{"line":20,"column":7},"end":{"line":27,"column":7}},"type":"binary-expr","locations":[{"start":{"line":20,"column":7},"end":{"line":20,"column":19}},{"start":{"line":20,"column":23},"end":{"line":20,"column":55}},{"start":{"line":21,"column":8},"end":{"line":26,"column":10}}],"line":20}},"s":{"0":5,"1":5,"2":5,"3":5,"4":3,"5":2,"6":0},"f":{"0":5,"1":0},"b":{"0":[3,2],"1":[2,2,1]},"_coverageSchema":"1a1c01bbd47fc00a2c39e90264f33305004495a9","hash":"aabc5029cdc76463235fa67faa96880d167c511f"}
,"/Users/lalkumar7/Documents/dev/bitbucket/client/src/components/Header/index.tsx": {"path":"/Users/lalkumar7/Documents/dev/bitbucket/client/src/components/Header/index.tsx","statementMap":{"0":{"start":{"line":30,"column":29},"end":{"line":43,"column":1}},"1":{"start":{"line":44,"column":25},"end":{"line":53,"column":1}},"2":{"start":{"line":56,"column":35},"end":{"line":56,"column":70}},"3":{"start":{"line":57,"column":35},"end":{"line":57,"column":65}},"4":{"start":{"line":58,"column":18},"end":{"line":58,"column":28}},"5":{"start":{"line":59,"column":19},"end":{"line":59,"column":32}},"6":{"start":{"line":60,"column":19},"end":{"line":60,"column":35}},"7":{"start":{"line":62,"column":28},"end":{"line":62,"column":50}},"8":{"start":{"line":63,"column":2},"end":{"line":69,"column":24}},"9":{"start":{"line":64,"column":4},"end":{"line":68,"column":5}},"10":{"start":{"line":65,"column":6},"end":{"line":65,"column":19}},"11":{"start":{"line":67,"column":6},"end":{"line":67,"column":29}},"12":{"start":{"line":71,"column":40},"end":{"line":71,"column":74}},"13":{"start":{"line":72,"column":42},"end":{"line":72,"column":76}},"14":{"start":{"line":74,"column":28},"end":{"line":76,"column":3}},"15":{"start":{"line":75,"column":4},"end":{"line":75,"column":40}},"16":{"start":{"line":77,"column":29},"end":{"line":79,"column":3}},"17":{"start":{"line":78,"column":4},"end":{"line":78,"column":41}},"18":{"start":{"line":81,"column":29},"end":{"line":83,"column":3}},"19":{"start":{"line":82,"column":4},"end":{"line":82,"column":25}},"20":{"start":{"line":85,"column":30},"end":{"line":87,"column":3}},"21":{"start":{"line":86,"column":4},"end":{"line":86,"column":26}},"22":{"start":{"line":89,"column":26},"end":{"line":92,"column":3}},"23":{"start":{"line":90,"column":4},"end":{"line":90,"column":24}},"24":{"start":{"line":91,"column":4},"end":{"line":91,"column":25}},"25":{"start":{"line":94,"column":29},"end":{"line":101,"column":3}},"26":{"start":{"line":95,"column":4},"end":{"line":98,"column":5}},"27":{"start":{"line":96,"column":6},"end":{"line":96,"column":28}},"28":{"start":{"line":97,"column":6},"end":{"line":97,"column":26}},"29":{"start":{"line":99,"column":4},"end":{"line":99,"column":24}},"30":{"start":{"line":100,"column":4},"end":{"line":100,"column":26}},"31":{"start":{"line":103,"column":2},"end":{"line":238,"column":4}},"32":{"start":{"line":158,"column":16},"end":{"line":163,"column":27}},"33":{"start":{"line":160,"column":33},"end":{"line":160,"column":54}},"34":{"start":{"line":188,"column":14},"end":{"line":194,"column":23}},"35":{"start":{"line":190,"column":31},"end":{"line":190,"column":52}},"36":{"start":{"line":225,"column":18},"end":{"line":230,"column":29}},"37":{"start":{"line":227,"column":35},"end":{"line":227,"column":62}}},"fnMap":{"0":{"name":"Header","decl":{"start":{"line":55,"column":9},"end":{"line":55,"column":15}},"loc":{"start":{"line":55,"column":18},"end":{"line":239,"column":1}},"line":55},"1":{"name":"(anonymous_1)","decl":{"start":{"line":63,"column":12},"end":{"line":63,"column":13}},"loc":{"start":{"line":63,"column":18},"end":{"line":69,"column":3}},"line":63},"2":{"name":"(anonymous_2)","decl":{"start":{"line":74,"column":28},"end":{"line":74,"column":29}},"loc":{"start":{"line":74,"column":64},"end":{"line":76,"column":3}},"line":74},"3":{"name":"(anonymous_3)","decl":{"start":{"line":77,"column":29},"end":{"line":77,"column":30}},"loc":{"start":{"line":77,"column":65},"end":{"line":79,"column":3}},"line":77},"4":{"name":"(anonymous_4)","decl":{"start":{"line":81,"column":29},"end":{"line":81,"column":30}},"loc":{"start":{"line":81,"column":35},"end":{"line":83,"column":3}},"line":81},"5":{"name":"(anonymous_5)","decl":{"start":{"line":85,"column":30},"end":{"line":85,"column":31}},"loc":{"start":{"line":85,"column":36},"end":{"line":87,"column":3}},"line":85},"6":{"name":"(anonymous_6)","decl":{"start":{"line":89,"column":26},"end":{"line":89,"column":27}},"loc":{"start":{"line":89,"column":42},"end":{"line":92,"column":3}},"line":89},"7":{"name":"(anonymous_7)","decl":{"start":{"line":94,"column":29},"end":{"line":94,"column":30}},"loc":{"start":{"line":94,"column":45},"end":{"line":101,"column":3}},"line":94},"8":{"name":"(anonymous_8)","decl":{"start":{"line":157,"column":25},"end":{"line":157,"column":26}},"loc":{"start":{"line":158,"column":16},"end":{"line":163,"column":27}},"line":158},"9":{"name":"(anonymous_9)","decl":{"start":{"line":160,"column":27},"end":{"line":160,"column":28}},"loc":{"start":{"line":160,"column":33},"end":{"line":160,"column":54}},"line":160},"10":{"name":"(anonymous_10)","decl":{"start":{"line":187,"column":23},"end":{"line":187,"column":24}},"loc":{"start":{"line":188,"column":14},"end":{"line":194,"column":23}},"line":188},"11":{"name":"(anonymous_11)","decl":{"start":{"line":190,"column":25},"end":{"line":190,"column":26}},"loc":{"start":{"line":190,"column":31},"end":{"line":190,"column":52}},"line":190},"12":{"name":"(anonymous_12)","decl":{"start":{"line":224,"column":30},"end":{"line":224,"column":31}},"loc":{"start":{"line":225,"column":18},"end":{"line":230,"column":29}},"line":225},"13":{"name":"(anonymous_13)","decl":{"start":{"line":227,"column":29},"end":{"line":227,"column":30}},"loc":{"start":{"line":227,"column":35},"end":{"line":227,"column":62}},"line":227}},"branchMap":{"0":{"loc":{"start":{"line":64,"column":4},"end":{"line":68,"column":5}},"type":"if","locations":[{"start":{"line":64,"column":4},"end":{"line":68,"column":5}},{"start":{"line":66,"column":11},"end":{"line":68,"column":5}}],"line":64},"1":{"loc":{"start":{"line":95,"column":4},"end":{"line":98,"column":5}},"type":"if","locations":[{"start":{"line":95,"column":4},"end":{"line":98,"column":5}},{"start":{},"end":{}}],"line":95},"2":{"loc":{"start":{"line":198,"column":11},"end":{"line":234,"column":11}},"type":"binary-expr","locations":[{"start":{"line":198,"column":11},"end":{"line":198,"column":26}},{"start":{"line":199,"column":12},"end":{"line":233,"column":18}}],"line":198}},"s":{"0":1,"1":1,"2":15,"3":15,"4":15,"5":15,"6":15,"7":15,"8":15,"9":6,"10":1,"11":5,"12":15,"13":15,"14":15,"15":0,"16":15,"17":3,"18":15,"19":1,"20":15,"21":2,"22":15,"23":1,"24":1,"25":15,"26":2,"27":1,"28":1,"29":2,"30":2,"31":15,"32":42,"33":0,"34":42,"35":1,"36":26,"37":2},"f":{"0":15,"1":6,"2":0,"3":3,"4":1,"5":2,"6":1,"7":2,"8":42,"9":0,"10":42,"11":1,"12":26,"13":2},"b":{"0":[1,5],"1":[1,1],"2":[15,13]},"_coverageSchema":"1a1c01bbd47fc00a2c39e90264f33305004495a9","hash":"24d867f23e35ce0933df6d6b11e56be5245c0c13"}
,"/Users/lalkumar7/Documents/dev/bitbucket/client/src/components/Layout/index.tsx": {"path":"/Users/lalkumar7/Documents/dev/bitbucket/client/src/components/Layout/index.tsx","statementMap":{"0":{"start":{"line":9,"column":22},"end":{"line":21,"column":1}},"1":{"start":{"line":10,"column":42},"end":{"line":12,"column":3}},"2":{"start":{"line":13,"column":2},"end":{"line":20,"column":4}}},"fnMap":{"0":{"name":"(anonymous_0)","decl":{"start":{"line":9,"column":22},"end":{"line":9,"column":23}},"loc":{"start":{"line":9,"column":59},"end":{"line":21,"column":1}},"line":9}},"branchMap":{"0":{"loc":{"start":{"line":15,"column":7},"end":{"line":17,"column":7}},"type":"binary-expr","locations":[{"start":{"line":15,"column":7},"end":{"line":15,"column":27}},{"start":{"line":16,"column":8},"end":{"line":16,"column":65}}],"line":15}},"s":{"0":1,"1":3,"2":3},"f":{"0":3},"b":{"0":[3,1]},"_coverageSchema":"1a1c01bbd47fc00a2c39e90264f33305004495a9","hash":"3f8804a6fe47d311017008399573486d802f776d"}
,"/Users/lalkumar7/Documents/dev/bitbucket/client/src/components/Profile/index.tsx": {"path":"/Users/lalkumar7/Documents/dev/bitbucket/client/src/components/Profile/index.tsx","statementMap":{"0":{"start":{"line":8,"column":27},"end":{"line":8,"column":62}},"1":{"start":{"line":9,"column":18},"end":{"line":9,"column":56}},"2":{"start":{"line":10,"column":2},"end":{"line":30,"column":4}},"3":{"start":{"line":14,"column":8},"end":{"line":27,"column":15}}},"fnMap":{"0":{"name":"Profile","decl":{"start":{"line":7,"column":9},"end":{"line":7,"column":16}},"loc":{"start":{"line":7,"column":19},"end":{"line":31,"column":1}},"line":7},"1":{"name":"(anonymous_1)","decl":{"start":{"line":13,"column":19},"end":{"line":13,"column":20}},"loc":{"start":{"line":14,"column":8},"end":{"line":27,"column":15}},"line":14}},"branchMap":{},"s":{"0":2,"1":2,"2":2,"3":8},"f":{"0":2,"1":8},"b":{},"_coverageSchema":"1a1c01bbd47fc00a2c39e90264f33305004495a9","hash":"aa2769beb6622f00e50edc15efc416029e0f3ffd"}
,"/Users/lalkumar7/Documents/dev/bitbucket/client/src/components/SignUp/index.tsx": {"path":"/Users/lalkumar7/Documents/dev/bitbucket/client/src/components/SignUp/index.tsx","statementMap":{"0":{"start":{"line":30,"column":14},"end":{"line":30,"column":27}},"1":{"start":{"line":33,"column":38},"end":{"line":33,"column":50}},"2":{"start":{"line":34,"column":30},"end":{"line":34,"column":42}},"3":{"start":{"line":41,"column":6},"end":{"line":41,"column":15}},"4":{"start":{"line":42,"column":19},"end":{"line":42,"column":35}},"5":{"start":{"line":43,"column":27},"end":{"line":43,"column":47}},"6":{"start":{"line":44,"column":19},"end":{"line":44,"column":32}},"7":{"start":{"line":46,"column":19},"end":{"line":63,"column":3}},"8":{"start":{"line":47,"column":4},"end":{"line":62,"column":5}},"9":{"start":{"line":48,"column":6},"end":{"line":50,"column":9}},"10":{"start":{"line":51,"column":6},"end":{"line":56,"column":8}},"11":{"start":{"line":57,"column":6},"end":{"line":57,"column":25}},"12":{"start":{"line":59,"column":6},"end":{"line":61,"column":9}},"13":{"start":{"line":60,"column":8},"end":{"line":60,"column":80}},"14":{"start":{"line":65,"column":2},"end":{"line":274,"column":4}},"15":{"start":{"line":164,"column":22},"end":{"line":164,"column":56}},"16":{"start":{"line":165,"column":22},"end":{"line":165,"column":65}},"17":{"start":{"line":172,"column":22},"end":{"line":174,"column":33}},"18":{"start":{"line":196,"column":22},"end":{"line":196,"column":52}},"19":{"start":{"line":197,"column":22},"end":{"line":197,"column":61}},"20":{"start":{"line":204,"column":22},"end":{"line":206,"column":33}}},"fnMap":{"0":{"name":"SignUp","decl":{"start":{"line":32,"column":24},"end":{"line":32,"column":30}},"loc":{"start":{"line":32,"column":33},"end":{"line":275,"column":1}},"line":32},"1":{"name":"(anonymous_1)","decl":{"start":{"line":46,"column":19},"end":{"line":46,"column":20}},"loc":{"start":{"line":46,"column":40},"end":{"line":63,"column":3}},"line":46},"2":{"name":"(anonymous_2)","decl":{"start":{"line":59,"column":34},"end":{"line":59,"column":35}},"loc":{"start":{"line":59,"column":49},"end":{"line":61,"column":7}},"line":59},"3":{"name":"(anonymous_3)","decl":{"start":{"line":163,"column":30},"end":{"line":163,"column":31}},"loc":{"start":{"line":163,"column":41},"end":{"line":166,"column":21}},"line":163},"4":{"name":"(anonymous_4)","decl":{"start":{"line":171,"column":40},"end":{"line":171,"column":41}},"loc":{"start":{"line":172,"column":22},"end":{"line":174,"column":33}},"line":172},"5":{"name":"(anonymous_5)","decl":{"start":{"line":195,"column":30},"end":{"line":195,"column":31}},"loc":{"start":{"line":195,"column":41},"end":{"line":198,"column":21}},"line":195},"6":{"name":"(anonymous_6)","decl":{"start":{"line":203,"column":36},"end":{"line":203,"column":37}},"loc":{"start":{"line":204,"column":22},"end":{"line":206,"column":33}},"line":204}},"branchMap":{"0":{"loc":{"start":{"line":98,"column":30},"end":{"line":98,"column":64}},"type":"binary-expr","locations":[{"start":{"line":98,"column":30},"end":{"line":98,"column":41}},{"start":{"line":98,"column":45},"end":{"line":98,"column":64}}],"line":98},"1":{"loc":{"start":{"line":111,"column":30},"end":{"line":111,"column":70}},"type":"binary-expr","locations":[{"start":{"line":111,"column":30},"end":{"line":111,"column":44}},{"start":{"line":111,"column":48},"end":{"line":111,"column":70}}],"line":111},"2":{"loc":{"start":{"line":130,"column":30},"end":{"line":130,"column":72}},"type":"binary-expr","locations":[{"start":{"line":130,"column":30},"end":{"line":130,"column":45}},{"start":{"line":130,"column":49},"end":{"line":130,"column":72}}],"line":130},"3":{"loc":{"start":{"line":146,"column":30},"end":{"line":146,"column":70}},"type":"binary-expr","locations":[{"start":{"line":146,"column":30},"end":{"line":146,"column":44}},{"start":{"line":146,"column":48},"end":{"line":146,"column":70}}],"line":146},"4":{"loc":{"start":{"line":177,"column":19},"end":{"line":179,"column":19}},"type":"binary-expr","locations":[{"start":{"line":177,"column":19},"end":{"line":177,"column":36}},{"start":{"line":178,"column":20},"end":{"line":178,"column":76}}],"line":177},"5":{"loc":{"start":{"line":209,"column":19},"end":{"line":211,"column":19}},"type":"binary-expr","locations":[{"start":{"line":209,"column":19},"end":{"line":209,"column":32}},{"start":{"line":210,"column":20},"end":{"line":210,"column":72}}],"line":209},"6":{"loc":{"start":{"line":223,"column":30},"end":{"line":223,"column":71}},"type":"binary-expr","locations":[{"start":{"line":223,"column":30},"end":{"line":223,"column":50}},{"start":{"line":223,"column":54},"end":{"line":223,"column":71}}],"line":223},"7":{"loc":{"start":{"line":236,"column":30},"end":{"line":236,"column":71}},"type":"binary-expr","locations":[{"start":{"line":236,"column":30},"end":{"line":236,"column":45}},{"start":{"line":236,"column":49},"end":{"line":236,"column":71}}],"line":236},"8":{"loc":{"start":{"line":250,"column":30},"end":{"line":250,"column":72}},"type":"binary-expr","locations":[{"start":{"line":250,"column":30},"end":{"line":250,"column":45}},{"start":{"line":250,"column":49},"end":{"line":250,"column":72}}],"line":250}},"s":{"0":1,"1":3,"2":3,"3":3,"4":3,"5":3,"6":3,"7":3,"8":0,"9":0,"10":0,"11":0,"12":0,"13":0,"14":3,"15":0,"16":0,"17":12,"18":0,"19":0,"20":12},"f":{"0":3,"1":0,"2":0,"3":0,"4":12,"5":0,"6":12},"b":{"0":[3,1],"1":[3,1],"2":[3,1],"3":[3,1],"4":[3,1],"5":[3,1],"6":[3,1],"7":[3,1],"8":[3,1]},"_coverageSchema":"1a1c01bbd47fc00a2c39e90264f33305004495a9","hash":"f8b23b7a4c7fac58eea9f32c44aec603e342b9ef"}
,"/Users/lalkumar7/Documents/dev/bitbucket/client/src/components/SingIn/index.tsx": {"path":"/Users/lalkumar7/Documents/dev/bitbucket/client/src/components/SingIn/index.tsx","statementMap":{"0":{"start":{"line":22,"column":14},"end":{"line":22,"column":27}},"1":{"start":{"line":29,"column":6},"end":{"line":29,"column":15}},"2":{"start":{"line":30,"column":19},"end":{"line":30,"column":35}},"3":{"start":{"line":31,"column":19},"end":{"line":31,"column":32}},"4":{"start":{"line":32,"column":27},"end":{"line":32,"column":45}},"5":{"start":{"line":34,"column":19},"end":{"line":46,"column":3}},"6":{"start":{"line":35,"column":4},"end":{"line":45,"column":5}},"7":{"start":{"line":36,"column":19},"end":{"line":38,"column":8}},"8":{"start":{"line":39,"column":6},"end":{"line":39,"column":48}},"9":{"start":{"line":40,"column":6},"end":{"line":40,"column":29}},"10":{"start":{"line":42,"column":6},"end":{"line":44,"column":9}},"11":{"start":{"line":43,"column":8},"end":{"line":43,"column":80}},"12":{"start":{"line":48,"column":2},"end":{"line":117,"column":4}}},"fnMap":{"0":{"name":"SignIn","decl":{"start":{"line":24,"column":24},"end":{"line":24,"column":30}},"loc":{"start":{"line":24,"column":33},"end":{"line":118,"column":1}},"line":24},"1":{"name":"(anonymous_1)","decl":{"start":{"line":34,"column":19},"end":{"line":34,"column":20}},"loc":{"start":{"line":34,"column":46},"end":{"line":46,"column":3}},"line":34},"2":{"name":"(anonymous_2)","decl":{"start":{"line":42,"column":34},"end":{"line":42,"column":35}},"loc":{"start":{"line":42,"column":49},"end":{"line":44,"column":7}},"line":42}},"branchMap":{"0":{"loc":{"start":{"line":79,"column":26},"end":{"line":79,"column":69}},"type":"binary-expr","locations":[{"start":{"line":79,"column":26},"end":{"line":79,"column":41}},{"start":{"line":79,"column":45},"end":{"line":79,"column":69}}],"line":79},"1":{"loc":{"start":{"line":91,"column":26},"end":{"line":91,"column":68}},"type":"binary-expr","locations":[{"start":{"line":91,"column":26},"end":{"line":91,"column":41}},{"start":{"line":91,"column":45},"end":{"line":91,"column":68}}],"line":91}},"s":{"0":1,"1":8,"2":7,"3":7,"4":7,"5":7,"6":2,"7":2,"8":1,"9":1,"10":0,"11":0,"12":7},"f":{"0":8,"1":2,"2":0},"b":{"0":[7,1],"1":[7,1]},"_coverageSchema":"1a1c01bbd47fc00a2c39e90264f33305004495a9","hash":"6eccda610eebd4f017f471ac6bd9f90f8014e4a4"}
,"/Users/lalkumar7/Documents/dev/bitbucket/client/src/components/common/Collapsible.tsx": {"path":"/Users/lalkumar7/Documents/dev/bitbucket/client/src/components/common/Collapsible.tsx","statementMap":{"0":{"start":{"line":12,"column":20},"end":{"line":38,"column":1}},"1":{"start":{"line":13,"column":33},"end":{"line":13,"column":48}},"2":{"start":{"line":14,"column":2},"end":{"line":37,"column":4}},"3":{"start":{"line":20,"column":10},"end":{"line":20,"column":32}},"4":{"start":{"line":30,"column":14},"end":{"line":30,"column":40}}},"fnMap":{"0":{"name":"(anonymous_0)","decl":{"start":{"line":12,"column":20},"end":{"line":12,"column":21}},"loc":{"start":{"line":12,"column":54},"end":{"line":38,"column":1}},"line":12},"1":{"name":"(anonymous_1)","decl":{"start":{"line":19,"column":17},"end":{"line":19,"column":18}},"loc":{"start":{"line":19,"column":23},"end":{"line":21,"column":9}},"line":19},"2":{"name":"(anonymous_2)","decl":{"start":{"line":29,"column":31},"end":{"line":29,"column":32}},"loc":{"start":{"line":30,"column":14},"end":{"line":30,"column":40}},"line":30}},"branchMap":{"0":{"loc":{"start":{"line":23,"column":9},"end":{"line":23,"column":60}},"type":"cond-expr","locations":[{"start":{"line":23,"column":18},"end":{"line":23,"column":39}},{"start":{"line":23,"column":42},"end":{"line":23,"column":60}}],"line":23},"1":{"loc":{"start":{"line":26,"column":7},"end":{"line":35,"column":7}},"type":"binary-expr","locations":[{"start":{"line":26,"column":7},"end":{"line":26,"column":13}},{"start":{"line":27,"column":8},"end":{"line":34,"column":14}}],"line":26}},"s":{"0":5,"1":15,"2":15,"3":1,"4":4},"f":{"0":15,"1":1,"2":4},"b":{"0":[1,14],"1":[15,1]},"_coverageSchema":"1a1c01bbd47fc00a2c39e90264f33305004495a9","hash":"6122b63082ad61eb81304a8961cab996422a3c93"}
,"/Users/lalkumar7/Documents/dev/bitbucket/client/src/components/common/Notification.tsx": {"path":"/Users/lalkumar7/Documents/dev/bitbucket/client/src/components/common/Notification.tsx","statementMap":{"0":{"start":{"line":11,"column":19},"end":{"line":11,"column":35}},"1":{"start":{"line":12,"column":2},"end":{"line":14,"column":11}},"2":{"start":{"line":13,"column":4},"end":{"line":13,"column":35}},"3":{"start":{"line":15,"column":2},"end":{"line":15,"column":80}}},"fnMap":{"0":{"name":"Notification","decl":{"start":{"line":10,"column":9},"end":{"line":10,"column":21}},"loc":{"start":{"line":10,"column":47},"end":{"line":16,"column":1}},"line":10},"1":{"name":"(anonymous_1)","decl":{"start":{"line":12,"column":13},"end":{"line":12,"column":14}},"loc":{"start":{"line":12,"column":19},"end":{"line":14,"column":3}},"line":12}},"branchMap":{},"s":{"0":3,"1":3,"2":0,"3":3},"f":{"0":3,"1":0},"b":{},"_coverageSchema":"1a1c01bbd47fc00a2c39e90264f33305004495a9","hash":"2dcce58c059d165bfccc7b324870b6127ed1a04e"}
,"/Users/lalkumar7/Documents/dev/bitbucket/client/src/components/common/PageHeading.tsx": {"path":"/Users/lalkumar7/Documents/dev/bitbucket/client/src/components/common/PageHeading.tsx","statementMap":{"0":{"start":{"line":9,"column":2},"end":{"line":25,"column":4}}},"fnMap":{"0":{"name":"PageHeading","decl":{"start":{"line":8,"column":9},"end":{"line":8,"column":20}},"loc":{"start":{"line":8,"column":42},"end":{"line":26,"column":1}},"line":8}},"branchMap":{},"s":{"0":7},"f":{"0":7},"b":{},"_coverageSchema":"1a1c01bbd47fc00a2c39e90264f33305004495a9","hash":"23387f53d4b1cec85c86a9fe0fc9d4781827f83b"}
,"/Users/lalkumar7/Documents/dev/bitbucket/client/src/components/common/RadioCard.tsx": {"path":"/Users/lalkumar7/Documents/dev/bitbucket/client/src/components/common/RadioCard.tsx","statementMap":{"0":{"start":{"line":12,"column":2},"end":{"line":31,"column":4}},"1":{"start":{"line":22,"column":21},"end":{"line":22,"column":44}}},"fnMap":{"0":{"name":"RadioCard","decl":{"start":{"line":11,"column":24},"end":{"line":11,"column":33}},"loc":{"start":{"line":11,"column":70},"end":{"line":32,"column":1}},"line":11},"1":{"name":"(anonymous_1)","decl":{"start":{"line":22,"column":15},"end":{"line":22,"column":16}},"loc":{"start":{"line":22,"column":21},"end":{"line":22,"column":44}},"line":22}},"branchMap":{"0":{"loc":{"start":{"line":17,"column":12},"end":{"line":20,"column":9}},"type":"binary-expr","locations":[{"start":{"line":17,"column":12},"end":{"line":17,"column":25}},{"start":{"line":17,"column":29},"end":{"line":20,"column":9}}],"line":17}},"s":{"0":44,"1":4},"f":{"0":44,"1":4},"b":{"0":[44,5]},"_coverageSchema":"1a1c01bbd47fc00a2c39e90264f33305004495a9","hash":"073d769641408049c56154d8a9d53c50d3c45bae"}
,"/Users/lalkumar7/Documents/dev/bitbucket/client/src/components/common/Transactions.tsx": {"path":"/Users/lalkumar7/Documents/dev/bitbucket/client/src/components/common/Transactions.tsx","statementMap":{"0":{"start":{"line":20,"column":35},"end":{"line":42,"column":1}},"1":{"start":{"line":27,"column":23},"end":{"line":27,"column":60}},"2":{"start":{"line":49,"column":26},"end":{"line":49,"column":43}},"3":{"start":{"line":50,"column":40},"end":{"line":50,"column":58}},"4":{"start":{"line":52,"column":27},"end":{"line":54,"column":3}},"5":{"start":{"line":53,"column":4},"end":{"line":53,"column":21}},"6":{"start":{"line":56,"column":34},"end":{"line":61,"column":3}},"7":{"start":{"line":59,"column":4},"end":{"line":59,"column":40}},"8":{"start":{"line":60,"column":4},"end":{"line":60,"column":15}},"9":{"start":{"line":63,"column":2},"end":{"line":117,"column":4}},"10":{"start":{"line":70,"column":16},"end":{"line":76,"column":28}},"11":{"start":{"line":84,"column":16},"end":{"line":102,"column":18}},"12":{"start":{"line":92,"column":36},"end":{"line":92,"column":58}},"13":{"start":{"line":93,"column":22},"end":{"line":99,"column":24}}},"fnMap":{"0":{"name":"(anonymous_0)","decl":{"start":{"line":27,"column":12},"end":{"line":27,"column":13}},"loc":{"start":{"line":27,"column":23},"end":{"line":27,"column":60}},"line":27},"1":{"name":"Transactions","decl":{"start":{"line":48,"column":24},"end":{"line":48,"column":36}},"loc":{"start":{"line":48,"column":62},"end":{"line":118,"column":1}},"line":48},"2":{"name":"(anonymous_2)","decl":{"start":{"line":52,"column":27},"end":{"line":52,"column":28}},"loc":{"start":{"line":52,"column":64},"end":{"line":54,"column":3}},"line":52},"3":{"name":"(anonymous_3)","decl":{"start":{"line":56,"column":34},"end":{"line":56,"column":35}},"loc":{"start":{"line":58,"column":7},"end":{"line":61,"column":3}},"line":58},"4":{"name":"(anonymous_4)","decl":{"start":{"line":69,"column":27},"end":{"line":69,"column":28}},"loc":{"start":{"line":70,"column":16},"end":{"line":76,"column":28}},"line":70},"5":{"name":"(anonymous_5)","decl":{"start":{"line":83,"column":19},"end":{"line":83,"column":20}},"loc":{"start":{"line":83,"column":36},"end":{"line":103,"column":15}},"line":83},"6":{"name":"(anonymous_6)","decl":{"start":{"line":91,"column":33},"end":{"line":91,"column":34}},"loc":{"start":{"line":91,"column":45},"end":{"line":100,"column":21}},"line":91}},"branchMap":{"0":{"loc":{"start":{"line":95,"column":27},"end":{"line":97,"column":35}},"type":"cond-expr","locations":[{"start":{"line":96,"column":30},"end":{"line":96,"column":50}},{"start":{"line":97,"column":30},"end":{"line":97,"column":35}}],"line":95},"1":{"loc":{"start":{"line":95,"column":27},"end":{"line":95,"column":69}},"type":"binary-expr","locations":[{"start":{"line":95,"column":27},"end":{"line":95,"column":40}},{"start":{"line":95,"column":44},"end":{"line":95,"column":69}}],"line":95}},"s":{"0":9,"1":10,"2":5,"3":5,"4":5,"5":0,"6":5,"7":0,"8":0,"9":5,"10":25,"11":10,"12":50,"13":50},"f":{"0":10,"1":5,"2":0,"3":0,"4":25,"5":10,"6":50},"b":{"0":[10,40],"1":[50,10]},"_coverageSchema":"1a1c01bbd47fc00a2c39e90264f33305004495a9","hash":"0c07e0f49c54859bfa766bf17521c3442bf443f6"}
,"/Users/lalkumar7/Documents/dev/bitbucket/client/src/components/common/WelcomeModal.tsx": {"path":"/Users/lalkumar7/Documents/dev/bitbucket/client/src/components/common/WelcomeModal.tsx","statementMap":{"0":{"start":{"line":17,"column":27},"end":{"line":19,"column":4}},"1":{"start":{"line":21,"column":35},"end":{"line":29,"column":3}},"2":{"start":{"line":22,"column":4},"end":{"line":27,"column":7}},"3":{"start":{"line":28,"column":4},"end":{"line":28,"column":14}},"4":{"start":{"line":31,"column":2},"end":{"line":60,"column":4}}},"fnMap":{"0":{"name":"WelcomeModal","decl":{"start":{"line":16,"column":9},"end":{"line":16,"column":21}},"loc":{"start":{"line":16,"column":55},"end":{"line":61,"column":1}},"line":16},"1":{"name":"(anonymous_1)","decl":{"start":{"line":21,"column":35},"end":{"line":21,"column":36}},"loc":{"start":{"line":21,"column":47},"end":{"line":29,"column":3}},"line":21}},"branchMap":{},"s":{"0":4,"1":4,"2":1,"3":0,"4":4},"f":{"0":4,"1":1},"b":{},"_coverageSchema":"1a1c01bbd47fc00a2c39e90264f33305004495a9","hash":"225e5f5a2827bf64f42b066e270d28b99855150c"}
,"/Users/lalkumar7/Documents/dev/bitbucket/client/src/gql/addUser.ts": {"path":"/Users/lalkumar7/Documents/dev/bitbucket/client/src/gql/addUser.ts","statementMap":{"0":{"start":{"line":3,"column":23},"end":{"line":30,"column":1}}},"fnMap":{},"branchMap":{},"s":{"0":1},"f":{},"b":{},"_coverageSchema":"1a1c01bbd47fc00a2c39e90264f33305004495a9","hash":"52a97da124153db2838097ebb02194200a251c67"}
,"/Users/lalkumar7/Documents/dev/bitbucket/client/src/gql/applyCreditCard.ts": {"path":"/Users/lalkumar7/Documents/dev/bitbucket/client/src/gql/applyCreditCard.ts","statementMap":{"0":{"start":{"line":3,"column":31},"end":{"line":19,"column":1}}},"fnMap":{},"branchMap":{},"s":{"0":4},"f":{},"b":{},"_coverageSchema":"1a1c01bbd47fc00a2c39e90264f33305004495a9","hash":"f9d0d87bff4a1a23b53282bfd1242f4b67d9e705"}
,"/Users/lalkumar7/Documents/dev/bitbucket/client/src/gql/getAccounts.ts": {"path":"/Users/lalkumar7/Documents/dev/bitbucket/client/src/gql/getAccounts.ts","statementMap":{"0":{"start":{"line":3,"column":27},"end":{"line":20,"column":1}}},"fnMap":{},"branchMap":{},"s":{"0":5},"f":{},"b":{},"_coverageSchema":"1a1c01bbd47fc00a2c39e90264f33305004495a9","hash":"0f23e54f1431e868720c1ac615182379fcf1af51"}
,"/Users/lalkumar7/Documents/dev/bitbucket/client/src/gql/getCards.ts": {"path":"/Users/lalkumar7/Documents/dev/bitbucket/client/src/gql/getCards.ts","statementMap":{"0":{"start":{"line":3,"column":24},"end":{"line":24,"column":1}}},"fnMap":{},"branchMap":{},"s":{"0":5},"f":{},"b":{},"_coverageSchema":"1a1c01bbd47fc00a2c39e90264f33305004495a9","hash":"7f6f7e407d0be1780cc86ed4ebf29c366d2b7088"}
,"/Users/lalkumar7/Documents/dev/bitbucket/client/src/gql/getCardsAndAccounts.ts": {"path":"/Users/lalkumar7/Documents/dev/bitbucket/client/src/gql/getCardsAndAccounts.ts","statementMap":{"0":{"start":{"line":3,"column":35},"end":{"line":36,"column":1}}},"fnMap":{},"branchMap":{},"s":{"0":2},"f":{},"b":{},"_coverageSchema":"1a1c01bbd47fc00a2c39e90264f33305004495a9","hash":"90c340d83b712c66a121e6580ced010d01e11d67"}
,"/Users/lalkumar7/Documents/dev/bitbucket/client/src/gql/login.ts": {"path":"/Users/lalkumar7/Documents/dev/bitbucket/client/src/gql/login.ts","statementMap":{"0":{"start":{"line":3,"column":21},"end":{"line":13,"column":1}}},"fnMap":{},"branchMap":{},"s":{"0":1},"f":{},"b":{},"_coverageSchema":"1a1c01bbd47fc00a2c39e90264f33305004495a9","hash":"bc76aa61b706bc3967e722ced6713873f902bc86"}
,"/Users/lalkumar7/Documents/dev/bitbucket/client/src/gql/openAccount.ts": {"path":"/Users/lalkumar7/Documents/dev/bitbucket/client/src/gql/openAccount.ts","statementMap":{"0":{"start":{"line":3,"column":27},"end":{"line":13,"column":1}}},"fnMap":{},"branchMap":{},"s":{"0":4},"f":{},"b":{},"_coverageSchema":"1a1c01bbd47fc00a2c39e90264f33305004495a9","hash":"c194cc5788921f1fe2a12090970c317ede8560b7"}
,"/Users/lalkumar7/Documents/dev/bitbucket/client/src/gql/welcomeModalStatus.ts": {"path":"/Users/lalkumar7/Documents/dev/bitbucket/client/src/gql/welcomeModalStatus.ts","statementMap":{"0":{"start":{"line":3,"column":37},"end":{"line":9,"column":1}},"1":{"start":{"line":11,"column":34},"end":{"line":20,"column":1}}},"fnMap":{},"branchMap":{},"s":{"0":2,"1":2},"f":{},"b":{},"_coverageSchema":"1a1c01bbd47fc00a2c39e90264f33305004495a9","hash":"3c5bf081a5a04f8c707dd591c973c846893452f4"}
,"/Users/lalkumar7/Documents/dev/bitbucket/client/src/store/hooks.ts": {"path":"/Users/lalkumar7/Documents/dev/bitbucket/client/src/store/hooks.ts","statementMap":{"0":{"start":{"line":6,"column":49},"end":{"line":6,"column":60}},"1":{"start":{"line":7,"column":63},"end":{"line":7,"column":74}}},"fnMap":{},"branchMap":{},"s":{"0":14,"1":14},"f":{},"b":{},"_coverageSchema":"1a1c01bbd47fc00a2c39e90264f33305004495a9","hash":"68d21ff9f8c5d16c38cf9cf38b05364983f6ea13"}
,"/Users/lalkumar7/Documents/dev/bitbucket/client/src/store/index.ts": {"path":"/Users/lalkumar7/Documents/dev/bitbucket/client/src/store/index.ts","statementMap":{"0":{"start":{"line":6,"column":21},"end":{"line":9,"column":2}}},"fnMap":{},"branchMap":{},"s":{"0":13},"f":{},"b":{},"_coverageSchema":"1a1c01bbd47fc00a2c39e90264f33305004495a9","hash":"4f8c55b1854b18298f35571a45aea1c076e62838"}
,"/Users/lalkumar7/Documents/dev/bitbucket/client/src/store/rootReducer.ts": {"path":"/Users/lalkumar7/Documents/dev/bitbucket/client/src/store/rootReducer.ts","statementMap":{"0":{"start":{"line":5,"column":27},"end":{"line":8,"column":2}}},"fnMap":{},"branchMap":{},"s":{"0":14},"f":{},"b":{},"_coverageSchema":"1a1c01bbd47fc00a2c39e90264f33305004495a9","hash":"305bb2dd0f795df1a16d1052f74fe343f312d26a"}
,"/Users/lalkumar7/Documents/dev/bitbucket/client/src/store/middlewares/authMiddleware.ts": {"path":"/Users/lalkumar7/Documents/dev/bitbucket/client/src/store/middlewares/authMiddleware.ts","statementMap":{"0":{"start":{"line":3,"column":30},"end":{"line":13,"column":3}},"1":{"start":{"line":3,"column":45},"end":{"line":13,"column":3}},"2":{"start":{"line":3,"column":59},"end":{"line":13,"column":3}},"3":{"start":{"line":4,"column":4},"end":{"line":11,"column":5}},"4":{"start":{"line":5,"column":6},"end":{"line":5,"column":54}},"5":{"start":{"line":6,"column":6},"end":{"line":6,"column":74}},"6":{"start":{"line":7,"column":11},"end":{"line":11,"column":5}},"7":{"start":{"line":8,"column":6},"end":{"line":8,"column":55}},"8":{"start":{"line":9,"column":6},"end":{"line":9,"column":45}},"9":{"start":{"line":12,"column":4},"end":{"line":12,"column":24}}},"fnMap":{"0":{"name":"(anonymous_0)","decl":{"start":{"line":3,"column":30},"end":{"line":3,"column":31}},"loc":{"start":{"line":3,"column":45},"end":{"line":13,"column":3}},"line":3},"1":{"name":"(anonymous_1)","decl":{"start":{"line":3,"column":45},"end":{"line":3,"column":46}},"loc":{"start":{"line":3,"column":59},"end":{"line":13,"column":3}},"line":3},"2":{"name":"(anonymous_2)","decl":{"start":{"line":3,"column":59},"end":{"line":3,"column":60}},"loc":{"start":{"line":3,"column":75},"end":{"line":13,"column":3}},"line":3}},"branchMap":{"0":{"loc":{"start":{"line":4,"column":4},"end":{"line":11,"column":5}},"type":"if","locations":[{"start":{"line":4,"column":4},"end":{"line":11,"column":5}},{"start":{"line":7,"column":11},"end":{"line":11,"column":5}}],"line":4},"1":{"loc":{"start":{"line":7,"column":11},"end":{"line":11,"column":5}},"type":"if","locations":[{"start":{"line":7,"column":11},"end":{"line":11,"column":5}},{"start":{},"end":{}}],"line":7}},"s":{"0":13,"1":13,"2":13,"3":0,"4":0,"5":0,"6":0,"7":0,"8":0,"9":0},"f":{"0":13,"1":13,"2":0},"b":{"0":[0,0],"1":[0,0]},"_coverageSchema":"1a1c01bbd47fc00a2c39e90264f33305004495a9","hash":"16c432aa1924755907fb4d748248d96a9d2246ba"}
,"/Users/lalkumar7/Documents/dev/bitbucket/client/src/store/slices/authSlice.ts": {"path":"/Users/lalkumar7/Documents/dev/bitbucket/client/src/store/slices/authSlice.ts","statementMap":{"0":{"start":{"line":21,"column":39},"end":{"line":25,"column":1}},"1":{"start":{"line":27,"column":25},"end":{"line":45,"column":2}},"2":{"start":{"line":32,"column":6},"end":{"line":32,"column":32}},"3":{"start":{"line":35,"column":6},"end":{"line":35,"column":34}},"4":{"start":{"line":36,"column":6},"end":{"line":36,"column":26}},"5":{"start":{"line":39,"column":6},"end":{"line":39,"column":27}},"6":{"start":{"line":40,"column":6},"end":{"line":40,"column":36}},"7":{"start":{"line":41,"column":6},"end":{"line":41,"column":45}},"8":{"start":{"line":42,"column":6},"end":{"line":42,"column":49}},"9":{"start":{"line":47,"column":57},"end":{"line":47,"column":74}},"10":{"start":{"line":49,"column":30},"end":{"line":52,"column":1}},"11":{"start":{"line":50,"column":26},"end":{"line":50,"column":65}},"12":{"start":{"line":51,"column":2},"end":{"line":51,"column":36}},"13":{"start":{"line":54,"column":35},"end":{"line":61,"column":1}},"14":{"start":{"line":55,"column":28},"end":{"line":55,"column":63}},"15":{"start":{"line":56,"column":2},"end":{"line":60,"column":3}},"16":{"start":{"line":57,"column":4},"end":{"line":57,"column":41}},"17":{"start":{"line":59,"column":4},"end":{"line":59,"column":14}}},"fnMap":{"0":{"name":"(anonymous_0)","decl":{"start":{"line":31,"column":16},"end":{"line":31,"column":17}},"loc":{"start":{"line":31,"column":64},"end":{"line":33,"column":5}},"line":31},"1":{"name":"(anonymous_1)","decl":{"start":{"line":34,"column":20},"end":{"line":34,"column":21}},"loc":{"start":{"line":34,"column":72},"end":{"line":37,"column":5}},"line":34},"2":{"name":"(anonymous_2)","decl":{"start":{"line":38,"column":15},"end":{"line":38,"column":16}},"loc":{"start":{"line":38,"column":26},"end":{"line":43,"column":5}},"line":38},"3":{"name":"(anonymous_3)","decl":{"start":{"line":49,"column":30},"end":{"line":49,"column":31}},"loc":{"start":{"line":49,"column":45},"end":{"line":52,"column":1}},"line":49},"4":{"name":"(anonymous_4)","decl":{"start":{"line":54,"column":35},"end":{"line":54,"column":36}},"loc":{"start":{"line":54,"column":41},"end":{"line":61,"column":1}},"line":54}},"branchMap":{"0":{"loc":{"start":{"line":56,"column":2},"end":{"line":60,"column":3}},"type":"if","locations":[{"start":{"line":56,"column":2},"end":{"line":60,"column":3}},{"start":{"line":58,"column":9},"end":{"line":60,"column":3}}],"line":56}},"s":{"0":14,"1":14,"2":0,"3":0,"4":0,"5":0,"6":0,"7":0,"8":0,"9":14,"10":14,"11":6,"12":6,"13":14,"14":33,"15":33,"16":15,"17":18},"f":{"0":0,"1":0,"2":0,"3":6,"4":33},"b":{"0":[15,18]},"_coverageSchema":"1a1c01bbd47fc00a2c39e90264f33305004495a9","hash":"4338b6a7e10e58aeafd7e673bc3606e945ff9b3c"}
,"/Users/lalkumar7/Documents/dev/bitbucket/client/src/store/slices/notificationSlice.ts": {"path":"/Users/lalkumar7/Documents/dev/bitbucket/client/src/store/slices/notificationSlice.ts","statementMap":{"0":{"start":{"line":8,"column":47},"end":{"line":11,"column":1}},"1":{"start":{"line":13,"column":33},"end":{"line":25,"column":2}},"2":{"start":{"line":18,"column":6},"end":{"line":18,"column":38}},"3":{"start":{"line":19,"column":6},"end":{"line":19,"column":40}},"4":{"start":{"line":22,"column":6},"end":{"line":22,"column":25}},"5":{"start":{"line":28,"column":2},"end":{"line":28,"column":27}},"6":{"start":{"line":30,"column":39},"end":{"line":32,"column":1}},"7":{"start":{"line":31,"column":2},"end":{"line":31,"column":28}}},"fnMap":{"0":{"name":"(anonymous_0)","decl":{"start":{"line":17,"column":21},"end":{"line":17,"column":22}},"loc":{"start":{"line":17,"column":79},"end":{"line":20,"column":5}},"line":17},"1":{"name":"(anonymous_1)","decl":{"start":{"line":21,"column":24},"end":{"line":21,"column":25}},"loc":{"start":{"line":21,"column":35},"end":{"line":23,"column":5}},"line":21},"2":{"name":"(anonymous_2)","decl":{"start":{"line":30,"column":39},"end":{"line":30,"column":40}},"loc":{"start":{"line":30,"column":74},"end":{"line":32,"column":1}},"line":30}},"branchMap":{},"s":{"0":14,"1":14,"2":1,"3":1,"4":0,"5":14,"6":14,"7":3},"f":{"0":1,"1":0,"2":3},"b":{},"_coverageSchema":"1a1c01bbd47fc00a2c39e90264f33305004495a9","hash":"3b371c105307c5e3178746372365f3e46d327520"}
,"/Users/lalkumar7/Documents/dev/bitbucket/client/src/types/RadioCardItem.ts": {"path":"/Users/lalkumar7/Documents/dev/bitbucket/client/src/types/RadioCardItem.ts","statementMap":{},"fnMap":{},"branchMap":{},"s":{},"f":{},"b":{}}
,"/Users/lalkumar7/Documents/dev/bitbucket/client/src/types/account.type.ts": {"path":"/Users/lalkumar7/Documents/dev/bitbucket/client/src/types/account.type.ts","statementMap":{},"fnMap":{},"branchMap":{},"s":{},"f":{},"b":{}}
,"/Users/lalkumar7/Documents/dev/bitbucket/client/src/types/card.type.ts": {"path":"/Users/lalkumar7/Documents/dev/bitbucket/client/src/types/card.type.ts","statementMap":{},"fnMap":{},"branchMap":{},"s":{},"f":{},"b":{}}
,"/Users/lalkumar7/Documents/dev/bitbucket/client/src/types/error.type.ts": {"path":"/Users/lalkumar7/Documents/dev/bitbucket/client/src/types/error.type.ts","statementMap":{},"fnMap":{},"branchMap":{},"s":{},"f":{},"b":{}}
,"/Users/lalkumar7/Documents/dev/bitbucket/client/src/types/transaction.type.ts": {"path":"/Users/lalkumar7/Documents/dev/bitbucket/client/src/types/transaction.type.ts","statementMap":{},"fnMap":{},"branchMap":{},"s":{},"f":{},"b":{}}
,"/Users/lalkumar7/Documents/dev/bitbucket/client/src/utils/constants.ts": {"path":"/Users/lalkumar7/Documents/dev/bitbucket/client/src/utils/constants.ts","statementMap":{"0":{"start":{"line":1,"column":27},"end":{"line":4,"column":1}},"1":{"start":{"line":6,"column":25},"end":{"line":9,"column":1}}},"fnMap":{},"branchMap":{},"s":{"0":5,"1":5},"f":{},"b":{},"_coverageSchema":"1a1c01bbd47fc00a2c39e90264f33305004495a9","hash":"88d1ebcefaccb85c47c16c05dededdd5f37c30e1"}
}
