TN:
SF:src/App.tsx
FN:15,App
FNF:1
FNH:0
FNDA:0,App
DA:16,0
LF:1
LH:0
BRF:0
BRH:0
end_of_record
TN:
SF:src/LoginSignUpWrapper.tsx
FN:5,(anonymous_0)
FNF:1
FNH:0
FNDA:0,(anonymous_0)
DA:5,0
DA:6,0
DA:7,0
DA:8,0
DA:9,0
DA:11,0
LF:6
LH:0
BRDA:8,0,0,0
BRDA:8,0,1,0
BRF:2
BRH:0
end_of_record
TN:
SF:src/ProtectedRoute.tsx
FN:5,(anonymous_0)
FNF:1
FNH:0
FNDA:0,(anonymous_0)
DA:5,0
DA:6,0
DA:7,0
DA:8,0
DA:9,0
DA:11,0
LF:6
LH:0
BRDA:8,0,0,0
BRDA:8,0,1,0
BRF:2
BRH:0
end_of_record
TN:
SF:src/constants.js
FNF:0
FNH:0
DA:1,1
DA:8,1
LF:2
LH:2
BRF:0
BRH:0
end_of_record
TN:
SF:src/index.tsx
FNF:0
FNH:0
DA:10,0
DA:15,0
DA:18,0
DA:31,0
LF:4
LH:0
BRF:0
BRH:0
end_of_record
TN:
SF:src/react-app-env.d.ts
FNF:0
FNH:0
LF:0
LH:0
BRF:0
BRH:0
end_of_record
TN:
SF:src/reportWebVitals.ts
FN:3,(anonymous_0)
FN:5,(anonymous_1)
FNF:2
FNH:0
FNDA:0,(anonymous_0)
FNDA:0,(anonymous_1)
DA:3,0
DA:4,0
DA:5,0
DA:6,0
DA:7,0
DA:8,0
DA:9,0
DA:10,0
LF:8
LH:0
BRDA:4,0,0,0
BRDA:4,0,1,0
BRDA:4,1,0,0
BRDA:4,1,1,0
BRF:4
BRH:0
end_of_record
TN:
SF:src/components/Accounts/AccountList.tsx
FN:13,(anonymous_0)
FN:27,(anonymous_1)
FN:69,(anonymous_2)
FNF:3
FNH:2
FNDA:7,(anonymous_0)
FNDA:7,(anonymous_1)
FNDA:0,(anonymous_2)
DA:13,5
DA:22,7
DA:28,7
DA:70,0
LF:4
LH:3
BRDA:46,0,0,6
BRDA:46,0,1,1
BRDA:49,1,0,7
BRDA:49,1,1,4
BRDA:63,2,0,7
BRDA:63,2,1,4
BRF:6
BRH:6
end_of_record
TN:
SF:src/components/Accounts/OpenAccount.tsx
FN:14,(anonymous_0)
FN:19,(anonymous_1)
FN:22,(anonymous_2)
FN:33,(anonymous_3)
FN:57,(anonymous_4)
FNF:5
FNH:5
FNDA:7,(anonymous_0)
FNDA:1,(anonymous_1)
FNDA:2,(anonymous_2)
FNDA:1,(anonymous_3)
FNDA:14,(anonymous_4)
DA:14,4
DA:15,7
DA:16,7
DA:17,7
DA:18,7
DA:19,7
DA:20,1
DA:21,1
DA:23,2
DA:24,2
DA:29,7
DA:33,7
DA:34,1
DA:40,0
DA:43,7
DA:58,14
LF:16
LH:15
BRF:0
BRH:0
end_of_record
TN:
SF:src/components/Accounts/content.ts
FNF:0
FNH:0
DA:3,4
LF:1
LH:1
BRF:0
BRH:0
end_of_record
TN:
SF:src/components/Accounts/index.tsx
FN:10,Accounts
FNF:1
FNH:1
FNDA:5,Accounts
DA:11,5
DA:13,5
DA:16,5
DA:17,5
DA:19,5
DA:20,2
DA:22,1
LF:7
LH:7
BRDA:17,0,0,5
BRDA:17,0,1,5
BRDA:19,1,0,3
BRDA:19,1,1,2
BRDA:20,2,0,1
BRDA:20,2,1,1
BRF:6
BRH:6
end_of_record
TN:
SF:src/components/Cards/ApplyCard.tsx
FN:15,(anonymous_0)
FN:27,(anonymous_1)
FN:30,(anonymous_2)
FN:37,(anonymous_3)
FN:40,(anonymous_4)
FN:51,(anonymous_5)
FN:62,(anonymous_6)
FN:88,(anonymous_7)
FNF:8
FNH:7
FNDA:15,(anonymous_0)
FNDA:6,(anonymous_1)
FNDA:12,(anonymous_2)
FNDA:2,(anonymous_3)
FNDA:4,(anonymous_4)
FNDA:2,(anonymous_5)
FNDA:0,(anonymous_6)
FNDA:28,(anonymous_7)
DA:15,4
DA:20,15
DA:21,14
DA:22,14
DA:23,14
DA:24,14
DA:25,14
DA:27,14
DA:29,6
DA:31,12
DA:32,12
DA:37,14
DA:38,2
DA:39,2
DA:41,4
DA:42,4
DA:47,14
DA:51,14
DA:52,2
DA:53,2
DA:60,0
DA:62,0
DA:63,0
DA:68,14
DA:89,28
LF:25
LH:22
BRDA:81,0,0,14
BRDA:81,0,1,0
BRDA:105,1,0,14
BRDA:105,1,1,0
BRF:4
BRH:2
end_of_record
TN:
SF:src/components/Cards/CardList.tsx
FN:13,(anonymous_0)
FN:19,(anonymous_1)
FNF:2
FNH:2
FNDA:6,(anonymous_0)
FNDA:6,(anonymous_1)
DA:13,5
DA:14,6
DA:20,6
LF:3
LH:3
BRDA:43,0,0,0
BRDA:43,0,1,6
BRDA:56,1,0,6
BRDA:56,1,1,0
BRDA:60,2,0,6
BRDA:60,2,1,0
BRDA:71,3,0,0
BRDA:71,3,1,0
BRDA:76,4,0,6
BRDA:76,4,1,0
BRF:10
BRH:4
end_of_record
TN:
SF:src/components/Cards/content.ts
FNF:0
FNH:0
DA:3,4
LF:1
LH:1
BRF:0
BRH:0
end_of_record
TN:
SF:src/components/Cards/index.tsx
FN:9,Cards
FNF:1
FNH:1
FNDA:5,Cards
DA:10,5
DA:12,5
DA:15,5
DA:16,2
DA:18,1
LF:5
LH:5
BRDA:15,0,0,3
BRDA:15,0,1,2
BRDA:16,1,0,1
BRDA:16,1,1,1
BRF:4
BRH:4
end_of_record
TN:
SF:src/components/Dashboard/AccountWidget.tsx
FN:15,AccountWidget
FN:19,(anonymous_1)
FN:22,(anonymous_2)
FN:50,(anonymous_3)
FNF:4
FNH:2
FNDA:7,AccountWidget
FNDA:2,(anonymous_1)
FNDA:0,(anonymous_2)
FNDA:0,(anonymous_3)
DA:16,7
DA:17,7
DA:19,7
DA:20,2
DA:22,7
DA:23,0
DA:25,7
DA:51,0
LF:8
LH:6
BRDA:27,0,0,4
BRDA:27,0,1,3
BRF:2
BRH:2
end_of_record
TN:
SF:src/components/Dashboard/CardWidget.tsx
FN:16,CardWidget
FN:19,(anonymous_1)
FN:46,(anonymous_2)
FNF:3
FNH:2
FNDA:7,CardWidget
FNDA:2,(anonymous_1)
FNDA:0,(anonymous_2)
DA:17,7
DA:19,7
DA:20,2
DA:22,7
DA:47,0
LF:5
LH:4
BRDA:24,0,0,4
BRDA:24,0,1,3
BRF:2
BRH:2
end_of_record
TN:
SF:src/components/Dashboard/Modal.tsx
FN:19,TransitionsModal
FNF:1
FNH:1
FNDA:20,TransitionsModal
DA:7,6
DA:28,20
LF:2
LH:2
BRF:0
BRH:0
end_of_record
TN:
SF:src/components/Dashboard/OutlinedCard.tsx
FN:23,(anonymous_0)
FN:35,(anonymous_1)
FN:53,OutlinedCard
FNF:3
FNH:3
FNDA:6,(anonymous_0)
FNDA:12,(anonymous_1)
FNDA:6,OutlinedCard
DA:23,4
DA:24,6
DA:36,12
DA:54,6
LF:4
LH:4
BRF:0
BRH:0
end_of_record
TN:
SF:src/components/Dashboard/OutstandingCardBill.tsx
FN:9,OutstandingCardBill
FNF:1
FNH:1
FNDA:4,OutstandingCardBill
DA:10,4
LF:1
LH:1
BRF:0
BRH:0
end_of_record
TN:
SF:src/components/Dashboard/WidgetContainer.tsx
FN:9,WidgetContainer
FNF:1
FNH:1
FNDA:7,WidgetContainer
DA:10,7
DA:12,7
DA:15,7
DA:16,2
DA:17,1
LF:5
LH:5
BRDA:15,0,0,5
BRDA:15,0,1,2
BRDA:16,1,0,1
BRDA:16,1,1,1
BRF:4
BRH:4
end_of_record
TN:
SF:src/components/Dashboard/content.ts
FNF:0
FNH:0
DA:1,4
DA:30,4
LF:2
LH:2
BRF:0
BRH:0
end_of_record
TN:
SF:src/components/Dashboard/index.tsx
FN:11,Home
FN:23,(anonymous_1)
FNF:2
FNH:1
FNDA:5,Home
FNDA:0,(anonymous_1)
DA:12,5
DA:13,5
DA:14,5
DA:17,5
DA:18,2
DA:24,0
LF:6
LH:5
BRDA:17,0,0,3
BRDA:17,0,1,2
BRDA:20,1,0,2
BRDA:20,1,1,2
BRDA:20,1,2,1
BRF:5
BRH:5
end_of_record
TN:
SF:src/components/Header/index.tsx
FN:55,Header
FN:63,(anonymous_1)
FN:74,(anonymous_2)
FN:77,(anonymous_3)
FN:81,(anonymous_4)
FN:85,(anonymous_5)
FN:89,(anonymous_6)
FN:94,(anonymous_7)
FN:157,(anonymous_8)
FN:160,(anonymous_9)
FN:187,(anonymous_10)
FN:190,(anonymous_11)
FN:224,(anonymous_12)
FN:227,(anonymous_13)
FNF:14
FNH:12
FNDA:15,Header
FNDA:6,(anonymous_1)
FNDA:0,(anonymous_2)
FNDA:3,(anonymous_3)
FNDA:1,(anonymous_4)
FNDA:2,(anonymous_5)
FNDA:1,(anonymous_6)
FNDA:2,(anonymous_7)
FNDA:42,(anonymous_8)
FNDA:0,(anonymous_9)
FNDA:42,(anonymous_10)
FNDA:1,(anonymous_11)
FNDA:26,(anonymous_12)
FNDA:2,(anonymous_13)
DA:30,1
DA:44,1
DA:56,15
DA:57,15
DA:58,15
DA:59,15
DA:60,15
DA:62,15
DA:63,15
DA:64,6
DA:65,1
DA:67,5
DA:71,15
DA:72,15
DA:74,15
DA:75,0
DA:77,15
DA:78,3
DA:81,15
DA:82,1
DA:85,15
DA:86,2
DA:89,15
DA:90,1
DA:91,1
DA:94,15
DA:95,2
DA:96,1
DA:97,1
DA:99,2
DA:100,2
DA:103,15
DA:158,42
DA:160,0
DA:188,42
DA:190,1
DA:225,26
DA:227,2
LF:38
LH:36
BRDA:64,0,0,1
BRDA:64,0,1,5
BRDA:95,1,0,1
BRDA:95,1,1,1
BRDA:198,2,0,15
BRDA:198,2,1,13
BRF:6
BRH:6
end_of_record
TN:
SF:src/components/Layout/index.tsx
FN:9,(anonymous_0)
FNF:1
FNH:1
FNDA:3,(anonymous_0)
DA:9,1
DA:10,3
DA:13,3
LF:3
LH:3
BRDA:15,0,0,3
BRDA:15,0,1,1
BRF:2
BRH:2
end_of_record
TN:
SF:src/components/Profile/index.tsx
FN:7,Profile
FN:13,(anonymous_1)
FNF:2
FNH:2
FNDA:2,Profile
FNDA:8,(anonymous_1)
DA:8,2
DA:9,2
DA:10,2
DA:14,8
LF:4
LH:4
BRF:0
BRH:0
end_of_record
TN:
SF:src/components/SignUp/index.tsx
FN:32,SignUp
FN:46,(anonymous_1)
FN:59,(anonymous_2)
FN:163,(anonymous_3)
FN:171,(anonymous_4)
FN:195,(anonymous_5)
FN:203,(anonymous_6)
FNF:7
FNH:3
FNDA:3,SignUp
FNDA:0,(anonymous_1)
FNDA:0,(anonymous_2)
FNDA:0,(anonymous_3)
FNDA:12,(anonymous_4)
FNDA:0,(anonymous_5)
FNDA:12,(anonymous_6)
DA:30,1
DA:33,3
DA:34,3
DA:41,3
DA:42,3
DA:43,3
DA:44,3
DA:46,3
DA:47,0
DA:48,0
DA:51,0
DA:57,0
DA:59,0
DA:60,0
DA:65,3
DA:164,0
DA:165,0
DA:172,12
DA:196,0
DA:197,0
DA:204,12
LF:21
LH:11
BRDA:98,0,0,3
BRDA:98,0,1,1
BRDA:111,1,0,3
BRDA:111,1,1,1
BRDA:130,2,0,3
BRDA:130,2,1,1
BRDA:146,3,0,3
BRDA:146,3,1,1
BRDA:177,4,0,3
BRDA:177,4,1,1
BRDA:209,5,0,3
BRDA:209,5,1,1
BRDA:223,6,0,3
BRDA:223,6,1,1
BRDA:236,7,0,3
BRDA:236,7,1,1
BRDA:250,8,0,3
BRDA:250,8,1,1
BRF:18
BRH:18
end_of_record
TN:
SF:src/components/SingIn/index.tsx
FN:24,SignIn
FN:34,(anonymous_1)
FN:42,(anonymous_2)
FNF:3
FNH:2
FNDA:8,SignIn
FNDA:2,(anonymous_1)
FNDA:0,(anonymous_2)
DA:22,1
DA:29,8
DA:30,7
DA:31,7
DA:32,7
DA:34,7
DA:35,2
DA:36,2
DA:39,1
DA:40,1
DA:42,0
DA:43,0
DA:48,7
LF:13
LH:11
BRDA:79,0,0,7
BRDA:79,0,1,1
BRDA:91,1,0,7
BRDA:91,1,1,1
BRF:4
BRH:4
end_of_record
TN:
SF:src/components/common/Collapsible.tsx
FN:12,(anonymous_0)
FN:19,(anonymous_1)
FN:29,(anonymous_2)
FNF:3
FNH:3
FNDA:15,(anonymous_0)
FNDA:1,(anonymous_1)
FNDA:4,(anonymous_2)
DA:12,5
DA:13,15
DA:14,15
DA:20,1
DA:30,4
LF:5
LH:5
BRDA:23,0,0,1
BRDA:23,0,1,14
BRDA:26,1,0,15
BRDA:26,1,1,1
BRF:4
BRH:4
end_of_record
TN:
SF:src/components/common/Notification.tsx
FN:10,Notification
FN:12,(anonymous_1)
FNF:2
FNH:1
FNDA:3,Notification
FNDA:0,(anonymous_1)
DA:11,3
DA:12,3
DA:13,0
DA:15,3
LF:4
LH:3
BRF:0
BRH:0
end_of_record
TN:
SF:src/components/common/PageHeading.tsx
FN:8,PageHeading
FNF:1
FNH:1
FNDA:7,PageHeading
DA:9,7
LF:1
LH:1
BRF:0
BRH:0
end_of_record
TN:
SF:src/components/common/RadioCard.tsx
FN:11,RadioCard
FN:22,(anonymous_1)
FNF:2
FNH:2
FNDA:44,RadioCard
FNDA:4,(anonymous_1)
DA:12,44
DA:22,4
LF:2
LH:2
BRDA:17,0,0,44
BRDA:17,0,1,5
BRF:2
BRH:2
end_of_record
TN:
SF:src/components/common/Transactions.tsx
FN:27,(anonymous_0)
FN:48,Transactions
FN:52,(anonymous_2)
FN:56,(anonymous_3)
FN:69,(anonymous_4)
FN:83,(anonymous_5)
FN:91,(anonymous_6)
FNF:7
FNH:5
FNDA:10,(anonymous_0)
FNDA:5,Transactions
FNDA:0,(anonymous_2)
FNDA:0,(anonymous_3)
FNDA:25,(anonymous_4)
FNDA:10,(anonymous_5)
FNDA:50,(anonymous_6)
DA:20,9
DA:27,10
DA:49,5
DA:50,5
DA:52,5
DA:53,0
DA:56,5
DA:59,0
DA:60,0
DA:63,5
DA:70,25
DA:84,10
DA:92,50
DA:93,50
LF:14
LH:11
BRDA:95,0,0,10
BRDA:95,0,1,40
BRDA:95,1,0,50
BRDA:95,1,1,10
BRF:4
BRH:4
end_of_record
TN:
SF:src/components/common/WelcomeModal.tsx
FN:16,WelcomeModal
FN:21,(anonymous_1)
FNF:2
FNH:2
FNDA:4,WelcomeModal
FNDA:1,(anonymous_1)
DA:17,4
DA:21,4
DA:22,1
DA:28,0
DA:31,4
LF:5
LH:4
BRF:0
BRH:0
end_of_record
TN:
SF:src/gql/addUser.ts
FNF:0
FNH:0
DA:3,1
LF:1
LH:1
BRF:0
BRH:0
end_of_record
TN:
SF:src/gql/applyCreditCard.ts
FNF:0
FNH:0
DA:3,4
LF:1
LH:1
BRF:0
BRH:0
end_of_record
TN:
SF:src/gql/getAccounts.ts
FNF:0
FNH:0
DA:3,5
LF:1
LH:1
BRF:0
BRH:0
end_of_record
TN:
SF:src/gql/getCards.ts
FNF:0
FNH:0
DA:3,5
LF:1
LH:1
BRF:0
BRH:0
end_of_record
TN:
SF:src/gql/getCardsAndAccounts.ts
FNF:0
FNH:0
DA:3,2
LF:1
LH:1
BRF:0
BRH:0
end_of_record
TN:
SF:src/gql/login.ts
FNF:0
FNH:0
DA:3,1
LF:1
LH:1
BRF:0
BRH:0
end_of_record
TN:
SF:src/gql/openAccount.ts
FNF:0
FNH:0
DA:3,4
LF:1
LH:1
BRF:0
BRH:0
end_of_record
TN:
SF:src/gql/welcomeModalStatus.ts
FNF:0
FNH:0
DA:3,2
DA:11,2
LF:2
LH:2
BRF:0
BRH:0
end_of_record
TN:
SF:src/store/hooks.ts
FNF:0
FNH:0
DA:6,14
DA:7,14
LF:2
LH:2
BRF:0
BRH:0
end_of_record
TN:
SF:src/store/index.ts
FNF:0
FNH:0
DA:6,13
LF:1
LH:1
BRF:0
BRH:0
end_of_record
TN:
SF:src/store/rootReducer.ts
FNF:0
FNH:0
DA:5,14
LF:1
LH:1
BRF:0
BRH:0
end_of_record
TN:
SF:src/store/middlewares/authMiddleware.ts
FN:3,(anonymous_0)
FN:3,(anonymous_1)
FN:3,(anonymous_2)
FNF:3
FNH:2
FNDA:13,(anonymous_0)
FNDA:13,(anonymous_1)
FNDA:0,(anonymous_2)
DA:3,13
DA:4,0
DA:5,0
DA:6,0
DA:7,0
DA:8,0
DA:9,0
DA:12,0
LF:8
LH:1
BRDA:4,0,0,0
BRDA:4,0,1,0
BRDA:7,1,0,0
BRDA:7,1,1,0
BRF:4
BRH:0
end_of_record
TN:
SF:src/store/slices/authSlice.ts
FN:31,(anonymous_0)
FN:34,(anonymous_1)
FN:38,(anonymous_2)
FN:49,(anonymous_3)
FN:54,(anonymous_4)
FNF:5
FNH:2
FNDA:0,(anonymous_0)
FNDA:0,(anonymous_1)
FNDA:0,(anonymous_2)
FNDA:6,(anonymous_3)
FNDA:33,(anonymous_4)
DA:21,14
DA:27,14
DA:32,0
DA:35,0
DA:36,0
DA:39,0
DA:40,0
DA:41,0
DA:42,0
DA:47,14
DA:49,14
DA:50,6
DA:51,6
DA:54,14
DA:55,33
DA:56,33
DA:57,15
DA:59,18
LF:18
LH:11
BRDA:56,0,0,15
BRDA:56,0,1,18
BRF:2
BRH:2
end_of_record
TN:
SF:src/store/slices/notificationSlice.ts
FN:17,(anonymous_0)
FN:21,(anonymous_1)
FN:30,(anonymous_2)
FNF:3
FNH:2
FNDA:1,(anonymous_0)
FNDA:0,(anonymous_1)
FNDA:3,(anonymous_2)
DA:8,14
DA:13,14
DA:18,1
DA:19,1
DA:22,0
DA:28,14
DA:30,14
DA:31,3
LF:8
LH:7
BRF:0
BRH:0
end_of_record
TN:
SF:src/types/RadioCardItem.ts
FNF:0
FNH:0
LF:0
LH:0
BRF:0
BRH:0
end_of_record
TN:
SF:src/types/account.type.ts
FNF:0
FNH:0
LF:0
LH:0
BRF:0
BRH:0
end_of_record
TN:
SF:src/types/card.type.ts
FNF:0
FNH:0
LF:0
LH:0
BRF:0
BRH:0
end_of_record
TN:
SF:src/types/error.type.ts
FNF:0
FNH:0
LF:0
LH:0
BRF:0
BRH:0
end_of_record
TN:
SF:src/types/transaction.type.ts
FNF:0
FNH:0
LF:0
LH:0
BRF:0
BRH:0
end_of_record
TN:
SF:src/utils/constants.ts
FNF:0
FNH:0
DA:1,5
DA:6,5
LF:2
LH:2
BRF:0
BRH:0
end_of_record
